{"timestamp":"2026-04-06T08:58:40.046911Z","level":"info","event":"DAG bundles loaded: dags-folder, example_dags","logger":"airflow.dag_processing.bundles.manager.DagBundlesManager","filename":"manager.py","lineno":179}
{"timestamp":"2026-04-06T08:58:40.049404Z","level":"info","event":"Filling up the DagBag from /opt/airflow/dags/ai_orderfood_pipeline.py","logger":"airflow.models.dagbag.BundleDagBag","filename":"dagbag.py","lineno":593}
{"timestamp":"2026-04-06T08:58:40.067176Z","level":"warning","event":"The `airflow.operators.python.PythonOperator` attribute is deprecated. Please use `'airflow.providers.standard.operators.python.PythonOperator'`.","category":"DeprecatedImportWarning","filename":"/opt/airflow/dags/ai_orderfood_pipeline.py","lineno":49,"logger":"py.warnings"}
{"timestamp":"2026-04-06T08:58:40.069580Z","level":"info","event":"Stats instance was created in PID 7 but accessed in PID 1107. Re-initializing.","logger":"airflow.stats","filename":"stats.py","lineno":57}
{"timestamp":"2026-04-06T08:58:40.115621Z","level":"info","event":"Task instance is in running state","logger":"task.stdout"}
{"timestamp":"2026-04-06T08:58:40.116207Z","level":"info","event":" Previous state of the Task instance: TaskInstanceState.QUEUED","logger":"task.stdout"}
{"timestamp":"2026-04-06T08:58:40.116502Z","level":"info","event":"Current task name:generate_weekly_forecast","logger":"task.stdout"}
{"timestamp":"2026-04-06T08:58:40.116763Z","level":"info","event":"Dag name:ai_orderfood_weekly_pipeline","logger":"task.stdout"}
{"timestamp":"2026-04-06T08:58:40.119847Z","level":"warning","event":"Using Variable.get from `airflow.models` is deprecated.Please use `get` on Variable from sdk(`airflow.sdk.Variable`) instead","category":"DeprecationWarning","filename":"/home/airflow/.local/lib/python3.12/site-packages/airflow/models/variable.py","lineno":151,"logger":"py.warnings"}
{"timestamp":"2026-04-06T08:58:40.174714Z","level":"info","event":"origin_date not provided; auto-resolved to 2026-04-06","logger":"unusual_prefix_0f518ee9cec5cf38c2481cf42befdcbf7eb00a10_ai_orderfood_pipeline","filename":"ai_orderfood_pipeline.py","lineno":143}
{"timestamp":"2026-04-06T08:58:40.175281Z","level":"info","event":"origin_date = 2026-04-06","logger":"unusual_prefix_0f518ee9cec5cf38c2481cf42befdcbf7eb00a10_ai_orderfood_pipeline","filename":"ai_orderfood_pipeline.py","lineno":148}
{"timestamp":"2026-04-06T08:58:40.177201Z","level":"info","event":"=== generate_weekly_forecast: origin_date=2026-04-06 ===","logger":"unusual_prefix_0f518ee9cec5cf38c2481cf42befdcbf7eb00a10_ai_orderfood_pipeline","filename":"ai_orderfood_pipeline.py","lineno":204}
{"timestamp":"2026-04-06T08:58:40.177322Z","level":"info","event":"Running: /usr/python/bin/python3.12 -m app.pipeline.weekly_forecast --origin-date 2026-04-06 --baseline-config /opt/EDA_v3/configs/config_001.yaml --config /opt/EDA_v3/configs/config_003_lgbm_final.yaml --model-path /opt/EDA_v3/runs/exp_003_lgbm_tweedie_p15_lag7_14_21_28_finalfeat__20260305_223540/lgbm_final.txt  (cwd=/opt/airflow)","logger":"unusual_prefix_0f518ee9cec5cf38c2481cf42befdcbf7eb00a10_ai_orderfood_pipeline","filename":"ai_orderfood_pipeline.py","lineno":100}
{"timestamp":"2026-04-06T08:58:46.060083Z","level":"info","event":"[OK] Data schema validation passed.","logger":"task.stdout"}
{"timestamp":"2026-04-06T08:58:46.060600Z","level":"info","event":"[DEBUG] run_id: 0457a4d6-7d01-43e5-8d7b-be0a001b3767","logger":"task.stdout"}
{"timestamp":"2026-04-06T08:58:46.060896Z","level":"info","event":"[DEBUG] baseline rows: 90 version: bl_kmed_k4_grpCidDow_v1","logger":"task.stdout"}
{"timestamp":"2026-04-06T08:58:46.061167Z","level":"info","event":"[DEBUG] X_forecast(model) rows: 90","logger":"task.stdout"}
{"timestamp":"2026-04-06T08:58:46.061415Z","level":"info","event":"[DEBUG] unique IDs(model): 15","logger":"task.stdout"}
{"timestamp":"2026-04-06T08:58:46.061645Z","level":"info","event":"[DEBUG] unique target_date(model): 6","logger":"task.stdout"}
{"timestamp":"2026-04-06T08:58:46.061857Z","level":"info","event":"[DEBUG] feature_cols(11): ['CanonicalDishId', 'category', 'price', 'IsMarketPrice', 'IsClosed', 'DayOfWeek', 'target_day', 'lag_7', 'lag_14', 'lag_21', 'lag_28']","logger":"task.stdout"}
{"timestamp":"2026-04-06T08:58:46.062111Z","level":"info","event":"[DEBUG] model rows: 90 version: lgbm_twd_p15_lag7_14_21_28_featfull_v1","logger":"task.stdout"}
{"timestamp":"2026-04-06T08:58:46.062387Z","level":"info","event":"[DEBUG] total rows to upsert: 180","logger":"task.stdout"}
{"timestamp":"2026-04-06T08:58:46.062591Z","level":"info","event":"[DEBUG] unique keys: 180","logger":"task.stdout"}
{"timestamp":"2026-04-06T08:58:46.062890Z","level":"info","event":"[OK] upserted 180 rows into integration.fact_forecast_daily","logger":"task.stdout"}
{"timestamp":"2026-04-06T08:58:46.063105Z","level":"info","event":"[OK] origin_date=2026-04-06","logger":"task.stdout"}
{"timestamp":"2026-04-06T08:58:46.063311Z","level":"info","event":"[OK] baseline_version=None rows=90","logger":"task.stdout"}
{"timestamp":"2026-04-06T08:58:46.063505Z","level":"info","event":"[OK] model_version=None rows=90","logger":"task.stdout"}
{"timestamp":"2026-04-06T08:58:46.449441Z","level":"info","event":"=== generate_weekly_forecast: complete ===","logger":"unusual_prefix_0f518ee9cec5cf38c2481cf42befdcbf7eb00a10_ai_orderfood_pipeline","filename":"ai_orderfood_pipeline.py","lineno":206}
{"timestamp":"2026-04-06T08:58:46.449662Z","level":"info","event":"Done. Returned value was: None","logger":"airflow.task.operators.airflow.providers.standard.operators.python.PythonOperator","filename":"python.py","lineno":230}
{"timestamp":"2026-04-06T08:58:46.557644Z","level":"info","event":"Task instance in success state","logger":"task.stdout"}
{"timestamp":"2026-04-06T08:58:46.558033Z","level":"info","event":" Previous state of the Task instance: TaskInstanceState.RUNNING","logger":"task.stdout"}
{"timestamp":"2026-04-06T08:58:46.562585Z","level":"info","event":"Task operator:<Task(PythonOperator): generate_weekly_forecast>","logger":"task.stdout"}
