{"timestamp":"2026-04-05T04:54:12.414641Z","level":"info","event":"DAG bundles loaded: dags-folder, example_dags","logger":"airflow.dag_processing.bundles.manager.DagBundlesManager","filename":"manager.py","lineno":179}
{"timestamp":"2026-04-05T04:54:12.416945Z","level":"info","event":"Filling up the DagBag from /opt/airflow/dags/ai_orderfood_pipeline.py","logger":"airflow.models.dagbag.BundleDagBag","filename":"dagbag.py","lineno":593}
{"timestamp":"2026-04-05T04:54:12.438608Z","level":"warning","event":"The `airflow.operators.python.PythonOperator` attribute is deprecated. Please use `'airflow.providers.standard.operators.python.PythonOperator'`.","category":"DeprecatedImportWarning","filename":"/opt/airflow/dags/ai_orderfood_pipeline.py","lineno":49,"logger":"py.warnings"}
{"timestamp":"2026-04-05T04:54:12.442367Z","level":"info","event":"Stats instance was created in PID 7 but accessed in PID 531. Re-initializing.","logger":"airflow.stats","filename":"stats.py","lineno":57}
{"timestamp":"2026-04-05T04:54:12.506769Z","level":"info","event":"Task instance is in running state","logger":"task.stdout"}
{"timestamp":"2026-04-05T04:54:12.507362Z","level":"info","event":" Previous state of the Task instance: TaskInstanceState.QUEUED","logger":"task.stdout"}
{"timestamp":"2026-04-05T04:54:12.508258Z","level":"info","event":"Current task name:generate_weekly_forecast","logger":"task.stdout"}
{"timestamp":"2026-04-05T04:54:12.508768Z","level":"info","event":"Dag name:ai_orderfood_weekly_pipeline","logger":"task.stdout"}
{"timestamp":"2026-04-05T04:54:12.511053Z","level":"warning","event":"Using Variable.get from `airflow.models` is deprecated.Please use `get` on Variable from sdk(`airflow.sdk.Variable`) instead","category":"DeprecationWarning","filename":"/home/airflow/.local/lib/python3.12/site-packages/airflow/models/variable.py","lineno":151,"logger":"py.warnings"}
{"timestamp":"2026-04-05T04:54:12.531001Z","level":"info","event":"origin_date not provided; auto-resolved to 2026-03-30","logger":"unusual_prefix_0f518ee9cec5cf38c2481cf42befdcbf7eb00a10_ai_orderfood_pipeline","filename":"ai_orderfood_pipeline.py","lineno":143}
{"timestamp":"2026-04-05T04:54:12.531217Z","level":"info","event":"origin_date = 2026-03-30","logger":"unusual_prefix_0f518ee9cec5cf38c2481cf42befdcbf7eb00a10_ai_orderfood_pipeline","filename":"ai_orderfood_pipeline.py","lineno":148}
{"timestamp":"2026-04-05T04:54:12.534151Z","level":"info","event":"=== generate_weekly_forecast: origin_date=2026-03-30 ===","logger":"unusual_prefix_0f518ee9cec5cf38c2481cf42befdcbf7eb00a10_ai_orderfood_pipeline","filename":"ai_orderfood_pipeline.py","lineno":204}
{"timestamp":"2026-04-05T04:54:12.534402Z","level":"info","event":"Running: /usr/python/bin/python3.12 -m app.pipeline.weekly_forecast --origin-date 2026-03-30 --baseline-config /opt/EDA_v3/configs/config_001.yaml --config /opt/EDA_v3/configs/config_003_lgbm_final.yaml --model-path /opt/EDA_v3/runs/exp_003_lgbm_tweedie_p15_lag7_14_21_28_finalfeat__20260305_223540/lgbm_final.txt  (cwd=/opt/airflow)","logger":"unusual_prefix_0f518ee9cec5cf38c2481cf42befdcbf7eb00a10_ai_orderfood_pipeline","filename":"ai_orderfood_pipeline.py","lineno":100}
{"timestamp":"2026-04-05T04:54:13.645221Z","level":"error","event":"Traceback (most recent call last):","logger":"task.stderr"}
{"timestamp":"2026-04-05T04:54:13.645942Z","level":"error","event":"  File \"/home/airflow/.local/lib/python3.12/site-packages/sqlalchemy/engine/base.py\", line 143, in __init__","logger":"task.stderr"}
{"timestamp":"2026-04-05T04:54:13.646522Z","level":"error","event":"    self._dbapi_connection = engine.raw_connection()","logger":"task.stderr"}
{"timestamp":"2026-04-05T04:54:13.646916Z","level":"error","event":"                             ^^^^^^^^^^^^^^^^^^^^^^^","logger":"task.stderr"}
{"timestamp":"2026-04-05T04:54:13.647282Z","level":"error","event":"  File \"/home/airflow/.local/lib/python3.12/site-packages/sqlalchemy/engine/base.py\", line 3317, in raw_connection","logger":"task.stderr"}
{"timestamp":"2026-04-05T04:54:13.647571Z","level":"error","event":"    return self.pool.connect()","logger":"task.stderr"}
{"timestamp":"2026-04-05T04:54:13.648007Z","level":"error","event":"           ^^^^^^^^^^^^^^^^^^^","logger":"task.stderr"}
{"timestamp":"2026-04-05T04:54:13.648316Z","level":"error","event":"  File \"/home/airflow/.local/lib/python3.12/site-packages/sqlalchemy/pool/base.py\", line 448, in connect","logger":"task.stderr"}
{"timestamp":"2026-04-05T04:54:13.648758Z","level":"error","event":"    return _ConnectionFairy._checkout(self)","logger":"task.stderr"}
{"timestamp":"2026-04-05T04:54:13.649147Z","level":"error","event":"           ^^^^^^^^^^^^^^^^^^^^^^^^^^^^^^^^","logger":"task.stderr"}
{"timestamp":"2026-04-05T04:54:13.649536Z","level":"error","event":"  File \"/home/airflow/.local/lib/python3.12/site-packages/sqlalchemy/pool/base.py\", line 1272, in _checkout","logger":"task.stderr"}
{"timestamp":"2026-04-05T04:54:13.649863Z","level":"error","event":"    fairy = _ConnectionRecord.checkout(pool)","logger":"task.stderr"}
{"timestamp":"2026-04-05T04:54:13.650183Z","level":"error","event":"            ^^^^^^^^^^^^^^^^^^^^^^^^^^^^^^^^","logger":"task.stderr"}
{"timestamp":"2026-04-05T04:54:13.650572Z","level":"error","event":"  File \"/home/airflow/.local/lib/python3.12/site-packages/sqlalchemy/pool/base.py\", line 712, in checkout","logger":"task.stderr"}
{"timestamp":"2026-04-05T04:54:13.650925Z","level":"error","event":"    rec = pool._do_get()","logger":"task.stderr"}
{"timestamp":"2026-04-05T04:54:13.651222Z","level":"error","event":"          ^^^^^^^^^^^^^^","logger":"task.stderr"}
{"timestamp":"2026-04-05T04:54:13.651595Z","level":"error","event":"  File \"/home/airflow/.local/lib/python3.12/site-packages/sqlalchemy/pool/impl.py\", line 177, in _do_get","logger":"task.stderr"}
{"timestamp":"2026-04-05T04:54:13.651946Z","level":"error","event":"    with util.safe_reraise():","logger":"task.stderr"}
{"timestamp":"2026-04-05T04:54:13.652258Z","level":"error","event":"         ^^^^^^^^^^^^^^^^^^^","logger":"task.stderr"}
{"timestamp":"2026-04-05T04:54:13.652892Z","level":"error","event":"  File \"/home/airflow/.local/lib/python3.12/site-packages/sqlalchemy/util/langhelpers.py\", line 121, in __exit__","logger":"task.stderr"}
{"timestamp":"2026-04-05T04:54:13.653320Z","level":"error","event":"    raise exc_value.with_traceback(exc_tb)","logger":"task.stderr"}
{"timestamp":"2026-04-05T04:54:13.653660Z","level":"error","event":"  File \"/home/airflow/.local/lib/python3.12/site-packages/sqlalchemy/pool/impl.py\", line 175, in _do_get","logger":"task.stderr"}
{"timestamp":"2026-04-05T04:54:13.653978Z","level":"error","event":"    return self._create_connection()","logger":"task.stderr"}
{"timestamp":"2026-04-05T04:54:13.654299Z","level":"error","event":"           ^^^^^^^^^^^^^^^^^^^^^^^^^","logger":"task.stderr"}
{"timestamp":"2026-04-05T04:54:13.654662Z","level":"error","event":"  File \"/home/airflow/.local/lib/python3.12/site-packages/sqlalchemy/pool/base.py\", line 389, in _create_connection","logger":"task.stderr"}
{"timestamp":"2026-04-05T04:54:13.655054Z","level":"error","event":"    return _ConnectionRecord(self)","logger":"task.stderr"}
{"timestamp":"2026-04-05T04:54:13.655483Z","level":"error","event":"           ^^^^^^^^^^^^^^^^^^^^^^^","logger":"task.stderr"}
{"timestamp":"2026-04-05T04:54:13.655896Z","level":"error","event":"  File \"/home/airflow/.local/lib/python3.12/site-packages/sqlalchemy/pool/base.py\", line 674, in __init__","logger":"task.stderr"}
{"timestamp":"2026-04-05T04:54:13.656303Z","level":"error","event":"    self.__connect()","logger":"task.stderr"}
{"timestamp":"2026-04-05T04:54:13.656687Z","level":"error","event":"  File \"/home/airflow/.local/lib/python3.12/site-packages/sqlalchemy/pool/base.py\", line 900, in __connect","logger":"task.stderr"}
{"timestamp":"2026-04-05T04:54:13.657042Z","level":"error","event":"    with util.safe_reraise():","logger":"task.stderr"}
{"timestamp":"2026-04-05T04:54:13.657418Z","level":"error","event":"         ^^^^^^^^^^^^^^^^^^^","logger":"task.stderr"}
{"timestamp":"2026-04-05T04:54:13.657883Z","level":"error","event":"  File \"/home/airflow/.local/lib/python3.12/site-packages/sqlalchemy/util/langhelpers.py\", line 121, in __exit__","logger":"task.stderr"}
{"timestamp":"2026-04-05T04:54:13.658297Z","level":"error","event":"    raise exc_value.with_traceback(exc_tb)","logger":"task.stderr"}
{"timestamp":"2026-04-05T04:54:13.658603Z","level":"error","event":"  File \"/home/airflow/.local/lib/python3.12/site-packages/sqlalchemy/pool/base.py\", line 896, in __connect","logger":"task.stderr"}
{"timestamp":"2026-04-05T04:54:13.658882Z","level":"error","event":"    self.dbapi_connection = connection = pool._invoke_creator(self)","logger":"task.stderr"}
{"timestamp":"2026-04-05T04:54:13.659274Z","level":"error","event":"                                         ^^^^^^^^^^^^^^^^^^^^^^^^^^","logger":"task.stderr"}
{"timestamp":"2026-04-05T04:54:13.659595Z","level":"error","event":"  File \"/home/airflow/.local/lib/python3.12/site-packages/sqlalchemy/engine/create.py\", line 667, in connect","logger":"task.stderr"}
{"timestamp":"2026-04-05T04:54:13.659961Z","level":"error","event":"    return dialect.connect(*cargs_tup, **cparams)","logger":"task.stderr"}
{"timestamp":"2026-04-05T04:54:13.660407Z","level":"error","event":"           ^^^^^^^^^^^^^^^^^^^^^^^^^^^^^^^^^^^^^^","logger":"task.stderr"}
{"timestamp":"2026-04-05T04:54:13.660793Z","level":"error","event":"  File \"/home/airflow/.local/lib/python3.12/site-packages/sqlalchemy/engine/default.py\", line 630, in connect","logger":"task.stderr"}
{"timestamp":"2026-04-05T04:54:13.661256Z","level":"error","event":"    return self.loaded_dbapi.connect(*cargs, **cparams)  # type: ignore[no-any-return]  # NOQA: E501","logger":"task.stderr"}
{"timestamp":"2026-04-05T04:54:13.661604Z","level":"error","event":"           ^^^^^^^^^^^^^^^^^^^^^^^^^^^^^^^^^^^^^^^^^^^^","logger":"task.stderr"}
{"timestamp":"2026-04-05T04:54:13.661888Z","level":"error","event":"pyodbc.Error: ('01000', \"[01000] [unixODBC][Driver Manager]Can't open lib 'ODBC Driver 17 for SQL Server' : file not found (0) (SQLDriverConnect)\")","logger":"task.stderr"}
{"timestamp":"2026-04-05T04:54:13.662219Z","level":"error","event":"","logger":"task.stderr"}
{"timestamp":"2026-04-05T04:54:13.662583Z","level":"error","event":"The above exception was the direct cause of the following exception:","logger":"task.stderr"}
{"timestamp":"2026-04-05T04:54:13.662920Z","level":"error","event":"","logger":"task.stderr"}
{"timestamp":"2026-04-05T04:54:13.663255Z","level":"error","event":"Traceback (most recent call last):","logger":"task.stderr"}
{"timestamp":"2026-04-05T04:54:13.663593Z","level":"error","event":"  File \"<frozen runpy>\", line 198, in _run_module_as_main","logger":"task.stderr"}
{"timestamp":"2026-04-05T04:54:13.663929Z","level":"error","event":"  File \"<frozen runpy>\", line 88, in _run_code","logger":"task.stderr"}
{"timestamp":"2026-04-05T04:54:13.664254Z","level":"error","event":"  File \"/opt/airflow/app/pipeline/weekly_forecast.py\", line 291, in <module>","logger":"task.stderr"}
{"timestamp":"2026-04-05T04:54:13.664589Z","level":"error","event":"    main()","logger":"task.stderr"}
{"timestamp":"2026-04-05T04:54:13.664958Z","level":"error","event":"  File \"/opt/airflow/app/pipeline/weekly_forecast.py\", line 133, in main","logger":"task.stderr"}
{"timestamp":"2026-04-05T04:54:13.665432Z","level":"error","event":"    df = load_and_clean(cfg_base)","logger":"task.stderr"}
{"timestamp":"2026-04-05T04:54:13.665800Z","level":"error","event":"         ^^^^^^^^^^^^^^^^^^^^^^^^","logger":"task.stderr"}
{"timestamp":"2026-04-05T04:54:13.666183Z","level":"error","event":"  File \"/opt/airflow/app/forecasting/data.py\", line 61, in load_and_clean","logger":"task.stderr"}
{"timestamp":"2026-04-05T04:54:13.666634Z","level":"error","event":"    df = pd.read_sql(f\"SELECT * FROM {view}\", engine)","logger":"task.stderr"}
{"timestamp":"2026-04-05T04:54:13.667019Z","level":"error","event":"         ^^^^^^^^^^^^^^^^^^^^^^^^^^^^^^^^^^^^^^^^^^^^","logger":"task.stderr"}
{"timestamp":"2026-04-05T04:54:13.667394Z","level":"error","event":"  File \"/home/airflow/.local/lib/python3.12/site-packages/pandas/io/sql.py\", line 706, in read_sql","logger":"task.stderr"}
{"timestamp":"2026-04-05T04:54:13.667767Z","level":"error","event":"    with pandasSQL_builder(con) as pandas_sql:","logger":"task.stderr"}
{"timestamp":"2026-04-05T04:54:13.668127Z","level":"error","event":"         ^^^^^^^^^^^^^^^^^^^^^^","logger":"task.stderr"}
{"timestamp":"2026-04-05T04:54:13.668483Z","level":"error","event":"  File \"/home/airflow/.local/lib/python3.12/site-packages/pandas/io/sql.py\", line 908, in pandasSQL_builder","logger":"task.stderr"}
{"timestamp":"2026-04-05T04:54:13.668812Z","level":"error","event":"    return SQLDatabase(con, schema, need_transaction)","logger":"task.stderr"}
{"timestamp":"2026-04-05T04:54:13.669175Z","level":"error","event":"           ^^^^^^^^^^^^^^^^^^^^^^^^^^^^^^^^^^^^^^^^^^","logger":"task.stderr"}
{"timestamp":"2026-04-05T04:54:13.669523Z","level":"error","event":"  File \"/home/airflow/.local/lib/python3.12/site-packages/pandas/io/sql.py\", line 1648, in __init__","logger":"task.stderr"}
{"timestamp":"2026-04-05T04:54:13.669866Z","level":"error","event":"    con = self.exit_stack.enter_context(con.connect())","logger":"task.stderr"}
{"timestamp":"2026-04-05T04:54:13.670179Z","level":"error","event":"                                        ^^^^^^^^^^^^^","logger":"task.stderr"}
{"timestamp":"2026-04-05T04:54:13.670524Z","level":"error","event":"  File \"/home/airflow/.local/lib/python3.12/site-packages/sqlalchemy/engine/base.py\", line 3293, in connect","logger":"task.stderr"}
{"timestamp":"2026-04-05T04:54:13.670873Z","level":"error","event":"    return self._connection_cls(self)","logger":"task.stderr"}
{"timestamp":"2026-04-05T04:54:13.671257Z","level":"error","event":"           ^^^^^^^^^^^^^^^^^^^^^^^^^^","logger":"task.stderr"}
{"timestamp":"2026-04-05T04:54:13.671580Z","level":"error","event":"  File \"/home/airflow/.local/lib/python3.12/site-packages/sqlalchemy/engine/base.py\", line 145, in __init__","logger":"task.stderr"}
{"timestamp":"2026-04-05T04:54:13.671908Z","level":"error","event":"    Connection._handle_dbapi_exception_noconnection(","logger":"task.stderr"}
{"timestamp":"2026-04-05T04:54:13.672395Z","level":"error","event":"  File \"/home/airflow/.local/lib/python3.12/site-packages/sqlalchemy/engine/base.py\", line 2448, in _handle_dbapi_exception_noconnection","logger":"task.stderr"}
{"timestamp":"2026-04-05T04:54:13.672893Z","level":"error","event":"    raise sqlalchemy_exception.with_traceback(exc_info[2]) from e","logger":"task.stderr"}
{"timestamp":"2026-04-05T04:54:13.673370Z","level":"error","event":"  File \"/home/airflow/.local/lib/python3.12/site-packages/sqlalchemy/engine/base.py\", line 143, in __init__","logger":"task.stderr"}
{"timestamp":"2026-04-05T04:54:13.673706Z","level":"error","event":"    self._dbapi_connection = engine.raw_connection()","logger":"task.stderr"}
{"timestamp":"2026-04-05T04:54:13.674055Z","level":"error","event":"                             ^^^^^^^^^^^^^^^^^^^^^^^","logger":"task.stderr"}
{"timestamp":"2026-04-05T04:54:13.674407Z","level":"error","event":"  File \"/home/airflow/.local/lib/python3.12/site-packages/sqlalchemy/engine/base.py\", line 3317, in raw_connection","logger":"task.stderr"}
{"timestamp":"2026-04-05T04:54:13.674955Z","level":"error","event":"    return self.pool.connect()","logger":"task.stderr"}
{"timestamp":"2026-04-05T04:54:13.675281Z","level":"error","event":"           ^^^^^^^^^^^^^^^^^^^","logger":"task.stderr"}
{"timestamp":"2026-04-05T04:54:13.675601Z","level":"error","event":"  File \"/home/airflow/.local/lib/python3.12/site-packages/sqlalchemy/pool/base.py\", line 448, in connect","logger":"task.stderr"}
{"timestamp":"2026-04-05T04:54:13.675929Z","level":"error","event":"    return _ConnectionFairy._checkout(self)","logger":"task.stderr"}
{"timestamp":"2026-04-05T04:54:13.676270Z","level":"error","event":"           ^^^^^^^^^^^^^^^^^^^^^^^^^^^^^^^^","logger":"task.stderr"}
{"timestamp":"2026-04-05T04:54:13.676566Z","level":"error","event":"  File \"/home/airflow/.local/lib/python3.12/site-packages/sqlalchemy/pool/base.py\", line 1272, in _checkout","logger":"task.stderr"}
{"timestamp":"2026-04-05T04:54:13.677047Z","level":"error","event":"    fairy = _ConnectionRecord.checkout(pool)","logger":"task.stderr"}
{"timestamp":"2026-04-05T04:54:13.677461Z","level":"error","event":"            ^^^^^^^^^^^^^^^^^^^^^^^^^^^^^^^^","logger":"task.stderr"}
{"timestamp":"2026-04-05T04:54:13.677780Z","level":"error","event":"  File \"/home/airflow/.local/lib/python3.12/site-packages/sqlalchemy/pool/base.py\", line 712, in checkout","logger":"task.stderr"}
{"timestamp":"2026-04-05T04:54:13.678110Z","level":"error","event":"    rec = pool._do_get()","logger":"task.stderr"}
{"timestamp":"2026-04-05T04:54:13.678485Z","level":"error","event":"          ^^^^^^^^^^^^^^","logger":"task.stderr"}
{"timestamp":"2026-04-05T04:54:13.678795Z","level":"error","event":"  File \"/home/airflow/.local/lib/python3.12/site-packages/sqlalchemy/pool/impl.py\", line 177, in _do_get","logger":"task.stderr"}
{"timestamp":"2026-04-05T04:54:13.679121Z","level":"error","event":"    with util.safe_reraise():","logger":"task.stderr"}
{"timestamp":"2026-04-05T04:54:13.679511Z","level":"error","event":"         ^^^^^^^^^^^^^^^^^^^","logger":"task.stderr"}
{"timestamp":"2026-04-05T04:54:13.679842Z","level":"error","event":"  File \"/home/airflow/.local/lib/python3.12/site-packages/sqlalchemy/util/langhelpers.py\", line 121, in __exit__","logger":"task.stderr"}
{"timestamp":"2026-04-05T04:54:13.680225Z","level":"error","event":"    raise exc_value.with_traceback(exc_tb)","logger":"task.stderr"}
{"timestamp":"2026-04-05T04:54:13.680548Z","level":"error","event":"  File \"/home/airflow/.local/lib/python3.12/site-packages/sqlalchemy/pool/impl.py\", line 175, in _do_get","logger":"task.stderr"}
{"timestamp":"2026-04-05T04:54:13.680877Z","level":"error","event":"    return self._create_connection()","logger":"task.stderr"}
{"timestamp":"2026-04-05T04:54:13.681221Z","level":"error","event":"           ^^^^^^^^^^^^^^^^^^^^^^^^^","logger":"task.stderr"}
{"timestamp":"2026-04-05T04:54:13.681563Z","level":"error","event":"  File \"/home/airflow/.local/lib/python3.12/site-packages/sqlalchemy/pool/base.py\", line 389, in _create_connection","logger":"task.stderr"}
{"timestamp":"2026-04-05T04:54:13.681932Z","level":"error","event":"    return _ConnectionRecord(self)","logger":"task.stderr"}
{"timestamp":"2026-04-05T04:54:13.682305Z","level":"error","event":"           ^^^^^^^^^^^^^^^^^^^^^^^","logger":"task.stderr"}
{"timestamp":"2026-04-05T04:54:13.682626Z","level":"error","event":"  File \"/home/airflow/.local/lib/python3.12/site-packages/sqlalchemy/pool/base.py\", line 674, in __init__","logger":"task.stderr"}
{"timestamp":"2026-04-05T04:54:13.682967Z","level":"error","event":"    self.__connect()","logger":"task.stderr"}
{"timestamp":"2026-04-05T04:54:13.683289Z","level":"error","event":"  File \"/home/airflow/.local/lib/python3.12/site-packages/sqlalchemy/pool/base.py\", line 900, in __connect","logger":"task.stderr"}
{"timestamp":"2026-04-05T04:54:13.683624Z","level":"error","event":"    with util.safe_reraise():","logger":"task.stderr"}
{"timestamp":"2026-04-05T04:54:13.683923Z","level":"error","event":"         ^^^^^^^^^^^^^^^^^^^","logger":"task.stderr"}
{"timestamp":"2026-04-05T04:54:13.684248Z","level":"error","event":"  File \"/home/airflow/.local/lib/python3.12/site-packages/sqlalchemy/util/langhelpers.py\", line 121, in __exit__","logger":"task.stderr"}
{"timestamp":"2026-04-05T04:54:13.684587Z","level":"error","event":"    raise exc_value.with_traceback(exc_tb)","logger":"task.stderr"}
{"timestamp":"2026-04-05T04:54:13.684932Z","level":"error","event":"  File \"/home/airflow/.local/lib/python3.12/site-packages/sqlalchemy/pool/base.py\", line 896, in __connect","logger":"task.stderr"}
{"timestamp":"2026-04-05T04:54:13.685365Z","level":"error","event":"    self.dbapi_connection = connection = pool._invoke_creator(self)","logger":"task.stderr"}
{"timestamp":"2026-04-05T04:54:13.685787Z","level":"error","event":"                                         ^^^^^^^^^^^^^^^^^^^^^^^^^^","logger":"task.stderr"}
{"timestamp":"2026-04-05T04:54:13.686117Z","level":"error","event":"  File \"/home/airflow/.local/lib/python3.12/site-packages/sqlalchemy/engine/create.py\", line 667, in connect","logger":"task.stderr"}
{"timestamp":"2026-04-05T04:54:13.686491Z","level":"error","event":"    return dialect.connect(*cargs_tup, **cparams)","logger":"task.stderr"}
{"timestamp":"2026-04-05T04:54:13.686918Z","level":"error","event":"           ^^^^^^^^^^^^^^^^^^^^^^^^^^^^^^^^^^^^^^","logger":"task.stderr"}
{"timestamp":"2026-04-05T04:54:13.687264Z","level":"error","event":"  File \"/home/airflow/.local/lib/python3.12/site-packages/sqlalchemy/engine/default.py\", line 630, in connect","logger":"task.stderr"}
{"timestamp":"2026-04-05T04:54:13.687596Z","level":"error","event":"    return self.loaded_dbapi.connect(*cargs, **cparams)  # type: ignore[no-any-return]  # NOQA: E501","logger":"task.stderr"}
{"timestamp":"2026-04-05T04:54:13.688104Z","level":"error","event":"           ^^^^^^^^^^^^^^^^^^^^^^^^^^^^^^^^^^^^^^^^^^^^","logger":"task.stderr"}
{"timestamp":"2026-04-05T04:54:13.688464Z","level":"error","event":"sqlalchemy.exc.DBAPIError: (pyodbc.Error) ('01000', \"[01000] [unixODBC][Driver Manager]Can't open lib 'ODBC Driver 17 for SQL Server' : file not found (0) (SQLDriverConnect)\")","logger":"task.stderr"}
{"timestamp":"2026-04-05T04:54:13.688829Z","level":"error","event":"(Background on this error at: https://sqlalche.me/e/20/dbapi)","logger":"task.stderr"}
{"timestamp":"2026-04-05T04:54:13.896663Z","level":"error","event":"Task failed with exception","logger":"task","filename":"task_runner.py","lineno":1186,"error_detail":[{"exc_type":"RuntimeError","exc_value":"Subprocess failed (exit 1): /usr/python/bin/python3.12 -m app.pipeline.weekly_forecast --origin-date 2026-03-30 --baseline-config /opt/EDA_v3/configs/config_001.yaml --config /opt/EDA_v3/configs/config_003_lgbm_final.yaml --model-path /opt/EDA_v3/runs/exp_003_lgbm_tweedie_p15_lag7_14_21_28_finalfeat__20260305_223540/lgbm_final.txt","exc_notes":[],"syntax_error":null,"is_cause":false,"frames":[{"filename":"/home/airflow/.local/lib/python3.12/site-packages/airflow/sdk/execution_time/task_runner.py","lineno":1112,"name":"run"},{"filename":"/home/airflow/.local/lib/python3.12/site-packages/airflow/sdk/execution_time/task_runner.py","lineno":1528,"name":"_execute_task"},{"filename":"/home/airflow/.local/lib/python3.12/site-packages/airflow/sdk/bases/operator.py","lineno":417,"name":"wrapper"},{"filename":"/home/airflow/.local/lib/python3.12/site-packages/airflow/providers/standard/operators/python.py","lineno":228,"name":"execute"},{"filename":"/home/airflow/.local/lib/python3.12/site-packages/airflow/providers/standard/operators/python.py","lineno":251,"name":"execute_callable"},{"filename":"/home/airflow/.local/lib/python3.12/site-packages/airflow/sdk/execution_time/callback_runner.py","lineno":82,"name":"run"},{"filename":"/opt/airflow/dags/ai_orderfood_pipeline.py","lineno":205,"name":"task_generate_weekly_forecast"},{"filename":"/opt/airflow/dags/ai_orderfood_pipeline.py","lineno":108,"name":"_run_subprocess"}],"is_group":false,"exceptions":[]}]}
{"timestamp":"2026-04-05T04:54:13.927259Z","level":"info","event":"Task instance in failure state","logger":"task.stdout"}
{"timestamp":"2026-04-05T04:54:13.927904Z","level":"info","event":"Task start","logger":"task.stdout"}
{"timestamp":"2026-04-05T04:54:13.928338Z","level":"info","event":"Task:<Task(PythonOperator): generate_weekly_forecast>","logger":"task.stdout"}
{"timestamp":"2026-04-05T04:54:13.928685Z","level":"info","event":"Failure caused by Subprocess failed (exit 1): /usr/python/bin/python3.12 -m app.pipeline.weekly_forecast --origin-date 2026-03-30 --baseline-config /opt/EDA_v3/configs/config_001.yaml --config /opt/EDA_v3/configs/config_003_lgbm_final.yaml --model-path /opt/EDA_v3/runs/exp_003_lgbm_tweedie_p15_lag7_14_21_28_finalfeat__20260305_223540/lgbm_final.txt","logger":"task.stdout"}
