{"timestamp":"2026-04-06T06:45:43.612365Z","level":"info","event":"DAG bundles loaded: dags-folder, example_dags","logger":"airflow.dag_processing.bundles.manager.DagBundlesManager","filename":"manager.py","lineno":179}
{"timestamp":"2026-04-06T06:45:43.619577Z","level":"info","event":"Filling up the DagBag from /opt/airflow/dags/ai_orderfood_pipeline.py","logger":"airflow.models.dagbag.BundleDagBag","filename":"dagbag.py","lineno":593}
{"timestamp":"2026-04-06T06:45:43.649903Z","level":"warning","event":"The `airflow.operators.python.PythonOperator` attribute is deprecated. Please use `'airflow.providers.standard.operators.python.PythonOperator'`.","category":"DeprecatedImportWarning","filename":"/opt/airflow/dags/ai_orderfood_pipeline.py","lineno":49,"logger":"py.warnings"}
{"timestamp":"2026-04-06T06:45:43.653424Z","level":"info","event":"Stats instance was created in PID 7 but accessed in PID 264. Re-initializing.","logger":"airflow.stats","filename":"stats.py","lineno":57}
{"timestamp":"2026-04-06T06:45:43.726592Z","level":"info","event":"Task instance is in running state","logger":"task.stdout"}
{"timestamp":"2026-04-06T06:45:43.727525Z","level":"info","event":" Previous state of the Task instance: TaskInstanceState.QUEUED","logger":"task.stdout"}
{"timestamp":"2026-04-06T06:45:43.728060Z","level":"info","event":"Current task name:generate_weekly_forecast","logger":"task.stdout"}
{"timestamp":"2026-04-06T06:45:43.728457Z","level":"info","event":"Dag name:ai_orderfood_weekly_pipeline","logger":"task.stdout"}
{"timestamp":"2026-04-06T06:45:43.731617Z","level":"warning","event":"Using Variable.get from `airflow.models` is deprecated.Please use `get` on Variable from sdk(`airflow.sdk.Variable`) instead","category":"DeprecationWarning","filename":"/home/airflow/.local/lib/python3.12/site-packages/airflow/models/variable.py","lineno":151,"logger":"py.warnings"}
{"timestamp":"2026-04-06T06:45:43.759193Z","level":"info","event":"origin_date not provided; auto-resolved to 2026-04-06","logger":"unusual_prefix_0f518ee9cec5cf38c2481cf42befdcbf7eb00a10_ai_orderfood_pipeline","filename":"ai_orderfood_pipeline.py","lineno":143}
{"timestamp":"2026-04-06T06:45:43.759516Z","level":"info","event":"origin_date = 2026-04-06","logger":"unusual_prefix_0f518ee9cec5cf38c2481cf42befdcbf7eb00a10_ai_orderfood_pipeline","filename":"ai_orderfood_pipeline.py","lineno":148}
{"timestamp":"2026-04-06T06:45:43.764627Z","level":"info","event":"=== generate_weekly_forecast: origin_date=2026-04-06 ===","logger":"unusual_prefix_0f518ee9cec5cf38c2481cf42befdcbf7eb00a10_ai_orderfood_pipeline","filename":"ai_orderfood_pipeline.py","lineno":204}
{"timestamp":"2026-04-06T06:45:43.764861Z","level":"info","event":"Running: /usr/python/bin/python3.12 -m app.pipeline.weekly_forecast --origin-date 2026-04-06 --baseline-config /opt/EDA_v3/configs/config_001.yaml --config /opt/EDA_v3/configs/config_003_lgbm_final.yaml --model-path /opt/EDA_v3/runs/exp_003_lgbm_tweedie_p15_lag7_14_21_28_finalfeat__20260305_223540/lgbm_final.txt  (cwd=/opt/airflow)","logger":"unusual_prefix_0f518ee9cec5cf38c2481cf42befdcbf7eb00a10_ai_orderfood_pipeline","filename":"ai_orderfood_pipeline.py","lineno":100}
{"timestamp":"2026-04-06T06:45:45.031809Z","level":"error","event":"Traceback (most recent call last):","logger":"task.stderr"}
{"timestamp":"2026-04-06T06:45:45.032267Z","level":"error","event":"  File \"/home/airflow/.local/lib/python3.12/site-packages/sqlalchemy/engine/base.py\", line 143, in __init__","logger":"task.stderr"}
{"timestamp":"2026-04-06T06:45:45.032726Z","level":"error","event":"    self._dbapi_connection = engine.raw_connection()","logger":"task.stderr"}
{"timestamp":"2026-04-06T06:45:45.033002Z","level":"error","event":"                             ^^^^^^^^^^^^^^^^^^^^^^^","logger":"task.stderr"}
{"timestamp":"2026-04-06T06:45:45.033312Z","level":"error","event":"  File \"/home/airflow/.local/lib/python3.12/site-packages/sqlalchemy/engine/base.py\", line 3317, in raw_connection","logger":"task.stderr"}
{"timestamp":"2026-04-06T06:45:45.033750Z","level":"error","event":"    return self.pool.connect()","logger":"task.stderr"}
{"timestamp":"2026-04-06T06:45:45.034162Z","level":"error","event":"           ^^^^^^^^^^^^^^^^^^^","logger":"task.stderr"}
{"timestamp":"2026-04-06T06:45:45.034441Z","level":"error","event":"  File \"/home/airflow/.local/lib/python3.12/site-packages/sqlalchemy/pool/base.py\", line 448, in connect","logger":"task.stderr"}
{"timestamp":"2026-04-06T06:45:45.034748Z","level":"error","event":"    return _ConnectionFairy._checkout(self)","logger":"task.stderr"}
{"timestamp":"2026-04-06T06:45:45.035111Z","level":"error","event":"           ^^^^^^^^^^^^^^^^^^^^^^^^^^^^^^^^","logger":"task.stderr"}
{"timestamp":"2026-04-06T06:45:45.035425Z","level":"error","event":"  File \"/home/airflow/.local/lib/python3.12/site-packages/sqlalchemy/pool/base.py\", line 1272, in _checkout","logger":"task.stderr"}
{"timestamp":"2026-04-06T06:45:45.035748Z","level":"error","event":"    fairy = _ConnectionRecord.checkout(pool)","logger":"task.stderr"}
{"timestamp":"2026-04-06T06:45:45.036095Z","level":"error","event":"            ^^^^^^^^^^^^^^^^^^^^^^^^^^^^^^^^","logger":"task.stderr"}
{"timestamp":"2026-04-06T06:45:45.036556Z","level":"error","event":"  File \"/home/airflow/.local/lib/python3.12/site-packages/sqlalchemy/pool/base.py\", line 712, in checkout","logger":"task.stderr"}
{"timestamp":"2026-04-06T06:45:45.036879Z","level":"error","event":"    rec = pool._do_get()","logger":"task.stderr"}
{"timestamp":"2026-04-06T06:45:45.037217Z","level":"error","event":"          ^^^^^^^^^^^^^^","logger":"task.stderr"}
{"timestamp":"2026-04-06T06:45:45.037588Z","level":"error","event":"  File \"/home/airflow/.local/lib/python3.12/site-packages/sqlalchemy/pool/impl.py\", line 177, in _do_get","logger":"task.stderr"}
{"timestamp":"2026-04-06T06:45:45.037943Z","level":"error","event":"    with util.safe_reraise():","logger":"task.stderr"}
{"timestamp":"2026-04-06T06:45:45.038271Z","level":"error","event":"         ^^^^^^^^^^^^^^^^^^^","logger":"task.stderr"}
{"timestamp":"2026-04-06T06:45:45.038546Z","level":"error","event":"  File \"/home/airflow/.local/lib/python3.12/site-packages/sqlalchemy/util/langhelpers.py\", line 121, in __exit__","logger":"task.stderr"}
{"timestamp":"2026-04-06T06:45:45.038915Z","level":"error","event":"    raise exc_value.with_traceback(exc_tb)","logger":"task.stderr"}
{"timestamp":"2026-04-06T06:45:45.039378Z","level":"error","event":"  File \"/home/airflow/.local/lib/python3.12/site-packages/sqlalchemy/pool/impl.py\", line 175, in _do_get","logger":"task.stderr"}
{"timestamp":"2026-04-06T06:45:45.039653Z","level":"error","event":"    return self._create_connection()","logger":"task.stderr"}
{"timestamp":"2026-04-06T06:45:45.039942Z","level":"error","event":"           ^^^^^^^^^^^^^^^^^^^^^^^^^","logger":"task.stderr"}
{"timestamp":"2026-04-06T06:45:45.040207Z","level":"error","event":"  File \"/home/airflow/.local/lib/python3.12/site-packages/sqlalchemy/pool/base.py\", line 389, in _create_connection","logger":"task.stderr"}
{"timestamp":"2026-04-06T06:45:45.040517Z","level":"error","event":"    return _ConnectionRecord(self)","logger":"task.stderr"}
{"timestamp":"2026-04-06T06:45:45.040892Z","level":"error","event":"           ^^^^^^^^^^^^^^^^^^^^^^^","logger":"task.stderr"}
{"timestamp":"2026-04-06T06:45:45.041240Z","level":"error","event":"  File \"/home/airflow/.local/lib/python3.12/site-packages/sqlalchemy/pool/base.py\", line 674, in __init__","logger":"task.stderr"}
{"timestamp":"2026-04-06T06:45:45.041581Z","level":"error","event":"    self.__connect()","logger":"task.stderr"}
{"timestamp":"2026-04-06T06:45:45.041886Z","level":"error","event":"  File \"/home/airflow/.local/lib/python3.12/site-packages/sqlalchemy/pool/base.py\", line 900, in __connect","logger":"task.stderr"}
{"timestamp":"2026-04-06T06:45:45.042208Z","level":"error","event":"    with util.safe_reraise():","logger":"task.stderr"}
{"timestamp":"2026-04-06T06:45:45.042565Z","level":"error","event":"         ^^^^^^^^^^^^^^^^^^^","logger":"task.stderr"}
{"timestamp":"2026-04-06T06:45:45.042944Z","level":"error","event":"  File \"/home/airflow/.local/lib/python3.12/site-packages/sqlalchemy/util/langhelpers.py\", line 121, in __exit__","logger":"task.stderr"}
{"timestamp":"2026-04-06T06:45:45.043664Z","level":"error","event":"    raise exc_value.with_traceback(exc_tb)","logger":"task.stderr"}
{"timestamp":"2026-04-06T06:45:45.043974Z","level":"error","event":"  File \"/home/airflow/.local/lib/python3.12/site-packages/sqlalchemy/pool/base.py\", line 896, in __connect","logger":"task.stderr"}
{"timestamp":"2026-04-06T06:45:45.044325Z","level":"error","event":"    self.dbapi_connection = connection = pool._invoke_creator(self)","logger":"task.stderr"}
{"timestamp":"2026-04-06T06:45:45.044707Z","level":"error","event":"                                         ^^^^^^^^^^^^^^^^^^^^^^^^^^","logger":"task.stderr"}
{"timestamp":"2026-04-06T06:45:45.045165Z","level":"error","event":"  File \"/home/airflow/.local/lib/python3.12/site-packages/sqlalchemy/engine/create.py\", line 667, in connect","logger":"task.stderr"}
{"timestamp":"2026-04-06T06:45:45.045595Z","level":"error","event":"    return dialect.connect(*cargs_tup, **cparams)","logger":"task.stderr"}
{"timestamp":"2026-04-06T06:45:45.045922Z","level":"error","event":"           ^^^^^^^^^^^^^^^^^^^^^^^^^^^^^^^^^^^^^^","logger":"task.stderr"}
{"timestamp":"2026-04-06T06:45:45.046244Z","level":"error","event":"  File \"/home/airflow/.local/lib/python3.12/site-packages/sqlalchemy/engine/default.py\", line 630, in connect","logger":"task.stderr"}
{"timestamp":"2026-04-06T06:45:45.046742Z","level":"error","event":"    return self.loaded_dbapi.connect(*cargs, **cparams)  # type: ignore[no-any-return]  # NOQA: E501","logger":"task.stderr"}
{"timestamp":"2026-04-06T06:45:45.047146Z","level":"error","event":"           ^^^^^^^^^^^^^^^^^^^^^^^^^^^^^^^^^^^^^^^^^^^^","logger":"task.stderr"}
{"timestamp":"2026-04-06T06:45:45.047528Z","level":"error","event":"pyodbc.Error: ('01000', \"[01000] [unixODBC][Driver Manager]Can't open lib 'ODBC Driver 17 for SQL Server' : file not found (0) (SQLDriverConnect)\")","logger":"task.stderr"}
{"timestamp":"2026-04-06T06:45:45.047814Z","level":"error","event":"","logger":"task.stderr"}
{"timestamp":"2026-04-06T06:45:45.048156Z","level":"error","event":"The above exception was the direct cause of the following exception:","logger":"task.stderr"}
{"timestamp":"2026-04-06T06:45:45.048488Z","level":"error","event":"","logger":"task.stderr"}
{"timestamp":"2026-04-06T06:45:45.048897Z","level":"error","event":"Traceback (most recent call last):","logger":"task.stderr"}
{"timestamp":"2026-04-06T06:45:45.049256Z","level":"error","event":"  File \"<frozen runpy>\", line 198, in _run_module_as_main","logger":"task.stderr"}
{"timestamp":"2026-04-06T06:45:45.049564Z","level":"error","event":"  File \"<frozen runpy>\", line 88, in _run_code","logger":"task.stderr"}
{"timestamp":"2026-04-06T06:45:45.049852Z","level":"error","event":"  File \"/opt/airflow/app/pipeline/weekly_forecast.py\", line 291, in <module>","logger":"task.stderr"}
{"timestamp":"2026-04-06T06:45:45.050132Z","level":"error","event":"    main()","logger":"task.stderr"}
{"timestamp":"2026-04-06T06:45:45.050425Z","level":"error","event":"  File \"/opt/airflow/app/pipeline/weekly_forecast.py\", line 133, in main","logger":"task.stderr"}
{"timestamp":"2026-04-06T06:45:45.050699Z","level":"error","event":"    df = load_and_clean(cfg_base)","logger":"task.stderr"}
{"timestamp":"2026-04-06T06:45:45.051109Z","level":"error","event":"         ^^^^^^^^^^^^^^^^^^^^^^^^","logger":"task.stderr"}
{"timestamp":"2026-04-06T06:45:45.051440Z","level":"error","event":"  File \"/opt/airflow/app/forecasting/data.py\", line 61, in load_and_clean","logger":"task.stderr"}
{"timestamp":"2026-04-06T06:45:45.051907Z","level":"error","event":"    df = pd.read_sql(f\"SELECT * FROM {view}\", engine)","logger":"task.stderr"}
{"timestamp":"2026-04-06T06:45:45.052275Z","level":"error","event":"         ^^^^^^^^^^^^^^^^^^^^^^^^^^^^^^^^^^^^^^^^^^^^","logger":"task.stderr"}
{"timestamp":"2026-04-06T06:45:45.052669Z","level":"error","event":"  File \"/home/airflow/.local/lib/python3.12/site-packages/pandas/io/sql.py\", line 706, in read_sql","logger":"task.stderr"}
{"timestamp":"2026-04-06T06:45:45.053011Z","level":"error","event":"    with pandasSQL_builder(con) as pandas_sql:","logger":"task.stderr"}
{"timestamp":"2026-04-06T06:45:45.053342Z","level":"error","event":"         ^^^^^^^^^^^^^^^^^^^^^^","logger":"task.stderr"}
{"timestamp":"2026-04-06T06:45:45.053666Z","level":"error","event":"  File \"/home/airflow/.local/lib/python3.12/site-packages/pandas/io/sql.py\", line 908, in pandasSQL_builder","logger":"task.stderr"}
{"timestamp":"2026-04-06T06:45:45.053984Z","level":"error","event":"    return SQLDatabase(con, schema, need_transaction)","logger":"task.stderr"}
{"timestamp":"2026-04-06T06:45:45.054360Z","level":"error","event":"           ^^^^^^^^^^^^^^^^^^^^^^^^^^^^^^^^^^^^^^^^^^","logger":"task.stderr"}
{"timestamp":"2026-04-06T06:45:45.054728Z","level":"error","event":"  File \"/home/airflow/.local/lib/python3.12/site-packages/pandas/io/sql.py\", line 1648, in __init__","logger":"task.stderr"}
{"timestamp":"2026-04-06T06:45:45.055251Z","level":"error","event":"    con = self.exit_stack.enter_context(con.connect())","logger":"task.stderr"}
{"timestamp":"2026-04-06T06:45:45.055565Z","level":"error","event":"                                        ^^^^^^^^^^^^^","logger":"task.stderr"}
{"timestamp":"2026-04-06T06:45:45.055855Z","level":"error","event":"  File \"/home/airflow/.local/lib/python3.12/site-packages/sqlalchemy/engine/base.py\", line 3293, in connect","logger":"task.stderr"}
{"timestamp":"2026-04-06T06:45:45.056147Z","level":"error","event":"    return self._connection_cls(self)","logger":"task.stderr"}
{"timestamp":"2026-04-06T06:45:45.056495Z","level":"error","event":"           ^^^^^^^^^^^^^^^^^^^^^^^^^^","logger":"task.stderr"}
{"timestamp":"2026-04-06T06:45:45.056801Z","level":"error","event":"  File \"/home/airflow/.local/lib/python3.12/site-packages/sqlalchemy/engine/base.py\", line 145, in __init__","logger":"task.stderr"}
{"timestamp":"2026-04-06T06:45:45.057110Z","level":"error","event":"    Connection._handle_dbapi_exception_noconnection(","logger":"task.stderr"}
{"timestamp":"2026-04-06T06:45:45.057388Z","level":"error","event":"  File \"/home/airflow/.local/lib/python3.12/site-packages/sqlalchemy/engine/base.py\", line 2448, in _handle_dbapi_exception_noconnection","logger":"task.stderr"}
{"timestamp":"2026-04-06T06:45:45.057681Z","level":"error","event":"    raise sqlalchemy_exception.with_traceback(exc_info[2]) from e","logger":"task.stderr"}
{"timestamp":"2026-04-06T06:45:45.057977Z","level":"error","event":"  File \"/home/airflow/.local/lib/python3.12/site-packages/sqlalchemy/engine/base.py\", line 143, in __init__","logger":"task.stderr"}
{"timestamp":"2026-04-06T06:45:45.058255Z","level":"error","event":"    self._dbapi_connection = engine.raw_connection()","logger":"task.stderr"}
{"timestamp":"2026-04-06T06:45:45.058572Z","level":"error","event":"                             ^^^^^^^^^^^^^^^^^^^^^^^","logger":"task.stderr"}
{"timestamp":"2026-04-06T06:45:45.058867Z","level":"error","event":"  File \"/home/airflow/.local/lib/python3.12/site-packages/sqlalchemy/engine/base.py\", line 3317, in raw_connection","logger":"task.stderr"}
{"timestamp":"2026-04-06T06:45:45.059375Z","level":"error","event":"    return self.pool.connect()","logger":"task.stderr"}
{"timestamp":"2026-04-06T06:45:45.059650Z","level":"error","event":"           ^^^^^^^^^^^^^^^^^^^","logger":"task.stderr"}
{"timestamp":"2026-04-06T06:45:45.059926Z","level":"error","event":"  File \"/home/airflow/.local/lib/python3.12/site-packages/sqlalchemy/pool/base.py\", line 448, in connect","logger":"task.stderr"}
{"timestamp":"2026-04-06T06:45:45.060232Z","level":"error","event":"    return _ConnectionFairy._checkout(self)","logger":"task.stderr"}
{"timestamp":"2026-04-06T06:45:45.060548Z","level":"error","event":"           ^^^^^^^^^^^^^^^^^^^^^^^^^^^^^^^^","logger":"task.stderr"}
{"timestamp":"2026-04-06T06:45:45.060859Z","level":"error","event":"  File \"/home/airflow/.local/lib/python3.12/site-packages/sqlalchemy/pool/base.py\", line 1272, in _checkout","logger":"task.stderr"}
{"timestamp":"2026-04-06T06:45:45.061294Z","level":"error","event":"    fairy = _ConnectionRecord.checkout(pool)","logger":"task.stderr"}
{"timestamp":"2026-04-06T06:45:45.061611Z","level":"error","event":"            ^^^^^^^^^^^^^^^^^^^^^^^^^^^^^^^^","logger":"task.stderr"}
{"timestamp":"2026-04-06T06:45:45.061898Z","level":"error","event":"  File \"/home/airflow/.local/lib/python3.12/site-packages/sqlalchemy/pool/base.py\", line 712, in checkout","logger":"task.stderr"}
{"timestamp":"2026-04-06T06:45:45.062237Z","level":"error","event":"    rec = pool._do_get()","logger":"task.stderr"}
{"timestamp":"2026-04-06T06:45:45.062586Z","level":"error","event":"          ^^^^^^^^^^^^^^","logger":"task.stderr"}
{"timestamp":"2026-04-06T06:45:45.062959Z","level":"error","event":"  File \"/home/airflow/.local/lib/python3.12/site-packages/sqlalchemy/pool/impl.py\", line 177, in _do_get","logger":"task.stderr"}
{"timestamp":"2026-04-06T06:45:45.063394Z","level":"error","event":"    with util.safe_reraise():","logger":"task.stderr"}
{"timestamp":"2026-04-06T06:45:45.063753Z","level":"error","event":"         ^^^^^^^^^^^^^^^^^^^","logger":"task.stderr"}
{"timestamp":"2026-04-06T06:45:45.064046Z","level":"error","event":"  File \"/home/airflow/.local/lib/python3.12/site-packages/sqlalchemy/util/langhelpers.py\", line 121, in __exit__","logger":"task.stderr"}
{"timestamp":"2026-04-06T06:45:45.064342Z","level":"error","event":"    raise exc_value.with_traceback(exc_tb)","logger":"task.stderr"}
{"timestamp":"2026-04-06T06:45:45.064624Z","level":"error","event":"  File \"/home/airflow/.local/lib/python3.12/site-packages/sqlalchemy/pool/impl.py\", line 175, in _do_get","logger":"task.stderr"}
{"timestamp":"2026-04-06T06:45:45.064914Z","level":"error","event":"    return self._create_connection()","logger":"task.stderr"}
{"timestamp":"2026-04-06T06:45:45.065182Z","level":"error","event":"           ^^^^^^^^^^^^^^^^^^^^^^^^^","logger":"task.stderr"}
{"timestamp":"2026-04-06T06:45:45.065487Z","level":"error","event":"  File \"/home/airflow/.local/lib/python3.12/site-packages/sqlalchemy/pool/base.py\", line 389, in _create_connection","logger":"task.stderr"}
{"timestamp":"2026-04-06T06:45:45.065842Z","level":"error","event":"    return _ConnectionRecord(self)","logger":"task.stderr"}
{"timestamp":"2026-04-06T06:45:45.066112Z","level":"error","event":"           ^^^^^^^^^^^^^^^^^^^^^^^","logger":"task.stderr"}
{"timestamp":"2026-04-06T06:45:45.066407Z","level":"error","event":"  File \"/home/airflow/.local/lib/python3.12/site-packages/sqlalchemy/pool/base.py\", line 674, in __init__","logger":"task.stderr"}
{"timestamp":"2026-04-06T06:45:45.066731Z","level":"error","event":"    self.__connect()","logger":"task.stderr"}
{"timestamp":"2026-04-06T06:45:45.067112Z","level":"error","event":"  File \"/home/airflow/.local/lib/python3.12/site-packages/sqlalchemy/pool/base.py\", line 900, in __connect","logger":"task.stderr"}
{"timestamp":"2026-04-06T06:45:45.067391Z","level":"error","event":"    with util.safe_reraise():","logger":"task.stderr"}
{"timestamp":"2026-04-06T06:45:45.067724Z","level":"error","event":"         ^^^^^^^^^^^^^^^^^^^","logger":"task.stderr"}
{"timestamp":"2026-04-06T06:45:45.068025Z","level":"error","event":"  File \"/home/airflow/.local/lib/python3.12/site-packages/sqlalchemy/util/langhelpers.py\", line 121, in __exit__","logger":"task.stderr"}
{"timestamp":"2026-04-06T06:45:45.068338Z","level":"error","event":"    raise exc_value.with_traceback(exc_tb)","logger":"task.stderr"}
{"timestamp":"2026-04-06T06:45:45.068683Z","level":"error","event":"  File \"/home/airflow/.local/lib/python3.12/site-packages/sqlalchemy/pool/base.py\", line 896, in __connect","logger":"task.stderr"}
{"timestamp":"2026-04-06T06:45:45.069011Z","level":"error","event":"    self.dbapi_connection = connection = pool._invoke_creator(self)","logger":"task.stderr"}
{"timestamp":"2026-04-06T06:45:45.069290Z","level":"error","event":"                                         ^^^^^^^^^^^^^^^^^^^^^^^^^^","logger":"task.stderr"}
{"timestamp":"2026-04-06T06:45:45.069576Z","level":"error","event":"  File \"/home/airflow/.local/lib/python3.12/site-packages/sqlalchemy/engine/create.py\", line 667, in connect","logger":"task.stderr"}
{"timestamp":"2026-04-06T06:45:45.069891Z","level":"error","event":"    return dialect.connect(*cargs_tup, **cparams)","logger":"task.stderr"}
{"timestamp":"2026-04-06T06:45:45.070159Z","level":"error","event":"           ^^^^^^^^^^^^^^^^^^^^^^^^^^^^^^^^^^^^^^","logger":"task.stderr"}
{"timestamp":"2026-04-06T06:45:45.070443Z","level":"error","event":"  File \"/home/airflow/.local/lib/python3.12/site-packages/sqlalchemy/engine/default.py\", line 630, in connect","logger":"task.stderr"}
{"timestamp":"2026-04-06T06:45:45.070729Z","level":"error","event":"    return self.loaded_dbapi.connect(*cargs, **cparams)  # type: ignore[no-any-return]  # NOQA: E501","logger":"task.stderr"}
{"timestamp":"2026-04-06T06:45:45.071102Z","level":"error","event":"           ^^^^^^^^^^^^^^^^^^^^^^^^^^^^^^^^^^^^^^^^^^^^","logger":"task.stderr"}
{"timestamp":"2026-04-06T06:45:45.071408Z","level":"error","event":"sqlalchemy.exc.DBAPIError: (pyodbc.Error) ('01000', \"[01000] [unixODBC][Driver Manager]Can't open lib 'ODBC Driver 17 for SQL Server' : file not found (0) (SQLDriverConnect)\")","logger":"task.stderr"}
{"timestamp":"2026-04-06T06:45:45.071684Z","level":"error","event":"(Background on this error at: https://sqlalche.me/e/20/dbapi)","logger":"task.stderr"}
{"timestamp":"2026-04-06T06:45:45.314697Z","level":"error","event":"Task failed with exception","logger":"task","filename":"task_runner.py","lineno":1186,"error_detail":[{"exc_type":"RuntimeError","exc_value":"Subprocess failed (exit 1): /usr/python/bin/python3.12 -m app.pipeline.weekly_forecast --origin-date 2026-04-06 --baseline-config /opt/EDA_v3/configs/config_001.yaml --config /opt/EDA_v3/configs/config_003_lgbm_final.yaml --model-path /opt/EDA_v3/runs/exp_003_lgbm_tweedie_p15_lag7_14_21_28_finalfeat__20260305_223540/lgbm_final.txt","exc_notes":[],"syntax_error":null,"is_cause":false,"frames":[{"filename":"/home/airflow/.local/lib/python3.12/site-packages/airflow/sdk/execution_time/task_runner.py","lineno":1112,"name":"run"},{"filename":"/home/airflow/.local/lib/python3.12/site-packages/airflow/sdk/execution_time/task_runner.py","lineno":1528,"name":"_execute_task"},{"filename":"/home/airflow/.local/lib/python3.12/site-packages/airflow/sdk/bases/operator.py","lineno":417,"name":"wrapper"},{"filename":"/home/airflow/.local/lib/python3.12/site-packages/airflow/providers/standard/operators/python.py","lineno":228,"name":"execute"},{"filename":"/home/airflow/.local/lib/python3.12/site-packages/airflow/providers/standard/operators/python.py","lineno":251,"name":"execute_callable"},{"filename":"/home/airflow/.local/lib/python3.12/site-packages/airflow/sdk/execution_time/callback_runner.py","lineno":82,"name":"run"},{"filename":"/opt/airflow/dags/ai_orderfood_pipeline.py","lineno":205,"name":"task_generate_weekly_forecast"},{"filename":"/opt/airflow/dags/ai_orderfood_pipeline.py","lineno":108,"name":"_run_subprocess"}],"is_group":false,"exceptions":[]}]}
{"timestamp":"2026-04-06T06:45:45.344095Z","level":"info","event":"Task instance in failure state","logger":"task.stdout"}
{"timestamp":"2026-04-06T06:45:45.344738Z","level":"info","event":"Task start","logger":"task.stdout"}
{"timestamp":"2026-04-06T06:45:45.345146Z","level":"info","event":"Task:<Task(PythonOperator): generate_weekly_forecast>","logger":"task.stdout"}
{"timestamp":"2026-04-06T06:45:45.345445Z","level":"info","event":"Failure caused by Subprocess failed (exit 1): /usr/python/bin/python3.12 -m app.pipeline.weekly_forecast --origin-date 2026-04-06 --baseline-config /opt/EDA_v3/configs/config_001.yaml --config /opt/EDA_v3/configs/config_003_lgbm_final.yaml --model-path /opt/EDA_v3/runs/exp_003_lgbm_tweedie_p15_lag7_14_21_28_finalfeat__20260305_223540/lgbm_final.txt","logger":"task.stdout"}
