{"timestamp":"2026-04-06T07:04:02.578047Z","level":"info","event":"DAG bundles loaded: dags-folder, example_dags","logger":"airflow.dag_processing.bundles.manager.DagBundlesManager","filename":"manager.py","lineno":179}
{"timestamp":"2026-04-06T07:04:02.584317Z","level":"info","event":"Filling up the DagBag from /opt/airflow/dags/ai_orderfood_pipeline.py","logger":"airflow.models.dagbag.BundleDagBag","filename":"dagbag.py","lineno":593}
{"timestamp":"2026-04-06T07:04:02.620922Z","level":"warning","event":"The `airflow.operators.python.PythonOperator` attribute is deprecated. Please use `'airflow.providers.standard.operators.python.PythonOperator'`.","category":"DeprecatedImportWarning","filename":"/opt/airflow/dags/ai_orderfood_pipeline.py","lineno":49,"logger":"py.warnings"}
{"timestamp":"2026-04-06T07:04:02.625685Z","level":"info","event":"Stats instance was created in PID 8 but accessed in PID 164. Re-initializing.","logger":"airflow.stats","filename":"stats.py","lineno":57}
{"timestamp":"2026-04-06T07:04:02.720517Z","level":"info","event":"Task instance is in running state","logger":"task.stdout"}
{"timestamp":"2026-04-06T07:04:02.721480Z","level":"info","event":" Previous state of the Task instance: TaskInstanceState.QUEUED","logger":"task.stdout"}
{"timestamp":"2026-04-06T07:04:02.721911Z","level":"info","event":"Current task name:sync_dw_data","logger":"task.stdout"}
{"timestamp":"2026-04-06T07:04:02.722245Z","level":"info","event":"Dag name:ai_orderfood_weekly_pipeline","logger":"task.stdout"}
{"timestamp":"2026-04-06T07:04:02.724407Z","level":"info","event":"=== sync_dw_data: loading Excel into MSSQL staging ===","logger":"unusual_prefix_0f518ee9cec5cf38c2481cf42befdcbf7eb00a10_ai_orderfood_pipeline","filename":"ai_orderfood_pipeline.py","lineno":167}
{"timestamp":"2026-04-06T07:04:02.729274Z","level":"info","event":"Running: /usr/python/bin/python3.12 /opt/airflow/dw_mssql/etl/02_load_excel_to_stg.py  (cwd=/opt/airflow)","logger":"unusual_prefix_0f518ee9cec5cf38c2481cf42befdcbf7eb00a10_ai_orderfood_pipeline","filename":"ai_orderfood_pipeline.py","lineno":100}
{"timestamp":"2026-04-06T07:04:07.652721Z","level":"info","event":"[INFO] Env:         /opt/airflow/dw_mssql/config/dw.env","logger":"task.stdout"}
{"timestamp":"2026-04-06T07:04:07.653295Z","level":"info","event":"[INFO] Sales Excel: /opt/airflow/dw_mssql/data/sales.xlsx (sheet=Sheet1) -> stg.stg_sales","logger":"task.stdout"}
{"timestamp":"2026-04-06T07:04:07.653691Z","level":"info","event":"[INFO] Menu  Excel: /opt/airflow/dw_mssql/data/menu.xlsx (sheet=foods) -> stg.stg_menu","logger":"task.stdout"}
{"timestamp":"2026-04-06T07:04:07.654033Z","level":"info","event":"[INFO] Mode: only=all, truncate=yes","logger":"task.stdout"}
{"timestamp":"2026-04-06T07:04:07.654381Z","level":"info","event":"[INFO] Sales rows ready: 9,739","logger":"task.stdout"}
{"timestamp":"2026-04-06T07:04:07.654761Z","level":"info","event":"[INFO] Menu rows ready: 2,051","logger":"task.stdout"}
{"timestamp":"2026-04-06T07:04:07.655124Z","level":"info","event":"[INFO] TRUNCATE sales stg ...","logger":"task.stdout"}
{"timestamp":"2026-04-06T07:04:07.655528Z","level":"info","event":"[INFO] TRUNCATE menu stg ...","logger":"task.stdout"}
{"timestamp":"2026-04-06T07:04:07.656101Z","level":"info","event":"[INFO] Inserting sales ...","logger":"task.stdout"}
{"timestamp":"2026-04-06T07:04:07.656425Z","level":"info","event":"[OK] Sales inserted: 9,739","logger":"task.stdout"}
{"timestamp":"2026-04-06T07:04:07.656780Z","level":"info","event":"[INFO] Inserting menu ...","logger":"task.stdout"}
{"timestamp":"2026-04-06T07:04:07.657070Z","level":"info","event":"[OK] Menu inserted: 2,051","logger":"task.stdout"}
{"timestamp":"2026-04-06T07:04:07.657354Z","level":"info","event":"[INFO] stg.stg_sales rows: 9,739","logger":"task.stdout"}
{"timestamp":"2026-04-06T07:04:07.657659Z","level":"info","event":"[INFO] stg.stg_menu rows: 2,051","logger":"task.stdout"}
{"timestamp":"2026-04-06T07:04:07.781414Z","level":"info","event":"Running: /usr/python/bin/python3.12 /opt/airflow/dw_mssql/etl/03_etl_menu_to_dw.py  (cwd=/opt/airflow)","logger":"unusual_prefix_0f518ee9cec5cf38c2481cf42befdcbf7eb00a10_ai_orderfood_pipeline","filename":"ai_orderfood_pipeline.py","lineno":100}
{"timestamp":"2026-04-06T07:04:08.252161Z","level":"info","event":"[INFO] Env: /opt/airflow/dw_mssql/config/dw.env","logger":"task.stdout"}
{"timestamp":"2026-04-06T07:04:08.252721Z","level":"info","event":"[INFO] Source: stg.stg_menu -> Targets: dw.canonical_dish, dw.bridge_pos_food_to_canonical","logger":"task.stdout"}
{"timestamp":"2026-04-06T07:04:08.253150Z","level":"info","event":"[INFO] Mode: only=all, batch_size=2000, backfill=yes","logger":"task.stdout"}
{"timestamp":"2026-04-06T07:04:08.253584Z","level":"info","event":"[INFO] Extracting latest stg_menu rows per food_id ...","logger":"task.stdout"}
{"timestamp":"2026-04-06T07:04:08.254252Z","level":"info","event":"[INFO] stg_menu distinct food_id rows: 2,051","logger":"task.stdout"}
{"timestamp":"2026-04-06T07:04:08.255169Z","level":"info","event":"[INFO] canonical candidates: 1,641","logger":"task.stdout"}
{"timestamp":"2026-04-06T07:04:08.256109Z","level":"info","event":"[INFO] bridge rows: 2,051","logger":"task.stdout"}
{"timestamp":"2026-04-06T07:04:08.256598Z","level":"info","event":"[INFO] Creating temp tables ...","logger":"task.stdout"}
{"timestamp":"2026-04-06T07:04:08.257024Z","level":"info","event":"[INFO] Loading #canonical_src ...","logger":"task.stdout"}
{"timestamp":"2026-04-06T07:04:08.257402Z","level":"info","event":"[OK] #canonical_src inserted: 1,641","logger":"task.stdout"}
{"timestamp":"2026-04-06T07:04:08.257695Z","level":"info","event":"[INFO] MERGE -> dw.canonical_dish ...","logger":"task.stdout"}
{"timestamp":"2026-04-06T07:04:08.257999Z","level":"info","event":"[OK] canonical MERGE done.","logger":"task.stdout"}
{"timestamp":"2026-04-06T07:04:08.258309Z","level":"info","event":"[INFO] Loading #bridge_src ...","logger":"task.stdout"}
{"timestamp":"2026-04-06T07:04:08.258615Z","level":"info","event":"[OK] #bridge_src inserted: 2,051","logger":"task.stdout"}
{"timestamp":"2026-04-06T07:04:08.258914Z","level":"info","event":"[INFO] MERGE -> dw.bridge_pos_food_to_canonical ...","logger":"task.stdout"}
{"timestamp":"2026-04-06T07:04:08.259205Z","level":"info","event":"[OK] bridge MERGE done.","logger":"task.stdout"}
{"timestamp":"2026-04-06T07:04:08.259517Z","level":"info","event":"[INFO] Backfill first/last seen dates from stg_sales ...","logger":"task.stdout"}
{"timestamp":"2026-04-06T07:04:08.259795Z","level":"info","event":"[OK] backfill done.","logger":"task.stdout"}
{"timestamp":"2026-04-06T07:04:08.260131Z","level":"info","event":"[OK] Commit.","logger":"task.stdout"}
{"timestamp":"2026-04-06T07:04:08.260377Z","level":"info","event":"[INFO] stg.stg_menu rows: 2,051","logger":"task.stdout"}
{"timestamp":"2026-04-06T07:04:08.260648Z","level":"info","event":"[INFO] dw.canonical_dish rows: 1,638","logger":"task.stdout"}
{"timestamp":"2026-04-06T07:04:08.260936Z","level":"info","event":"[INFO] dw.bridge_pos_food_to_canonical rows: 2,051","logger":"task.stdout"}
{"timestamp":"2026-04-06T07:04:08.261248Z","level":"info","event":"[INFO] All sales food_id are mapped in bridge. ✅","logger":"task.stdout"}
{"timestamp":"2026-04-06T07:04:08.268215Z","level":"info","event":"=== sync_dw_data: complete ===","logger":"unusual_prefix_0f518ee9cec5cf38c2481cf42befdcbf7eb00a10_ai_orderfood_pipeline","filename":"ai_orderfood_pipeline.py","lineno":174}
{"timestamp":"2026-04-06T07:04:08.269351Z","level":"info","event":"Done. Returned value was: None","logger":"airflow.task.operators.airflow.providers.standard.operators.python.PythonOperator","filename":"python.py","lineno":230}
{"timestamp":"2026-04-06T07:04:08.305242Z","level":"info","event":"Task instance in success state","logger":"task.stdout"}
{"timestamp":"2026-04-06T07:04:08.308143Z","level":"info","event":" Previous state of the Task instance: TaskInstanceState.RUNNING","logger":"task.stdout"}
{"timestamp":"2026-04-06T07:04:08.308746Z","level":"info","event":"Task operator:<Task(PythonOperator): sync_dw_data>","logger":"task.stdout"}
