{"timestamp":"2026-04-06T06:57:04.004414Z","level":"info","event":"DAG bundles loaded: dags-folder, example_dags","logger":"airflow.dag_processing.bundles.manager.DagBundlesManager","filename":"manager.py","lineno":179}
{"timestamp":"2026-04-06T06:57:04.007092Z","level":"info","event":"Filling up the DagBag from /opt/airflow/dags/ai_orderfood_pipeline.py","logger":"airflow.models.dagbag.BundleDagBag","filename":"dagbag.py","lineno":593}
{"timestamp":"2026-04-06T06:57:04.030630Z","level":"warning","event":"The `airflow.operators.python.PythonOperator` attribute is deprecated. Please use `'airflow.providers.standard.operators.python.PythonOperator'`.","category":"DeprecatedImportWarning","filename":"/opt/airflow/dags/ai_orderfood_pipeline.py","lineno":49,"logger":"py.warnings"}
{"timestamp":"2026-04-06T06:57:04.034064Z","level":"info","event":"Stats instance was created in PID 7 but accessed in PID 553. Re-initializing.","logger":"airflow.stats","filename":"stats.py","lineno":57}
{"timestamp":"2026-04-06T06:57:04.090047Z","level":"info","event":"Task instance is in running state","logger":"task.stdout"}
{"timestamp":"2026-04-06T06:57:04.090463Z","level":"info","event":" Previous state of the Task instance: TaskInstanceState.QUEUED","logger":"task.stdout"}
{"timestamp":"2026-04-06T06:57:04.090912Z","level":"info","event":"Current task name:generate_weekly_forecast","logger":"task.stdout"}
{"timestamp":"2026-04-06T06:57:04.091308Z","level":"info","event":"Dag name:ai_orderfood_weekly_pipeline","logger":"task.stdout"}
{"timestamp":"2026-04-06T06:57:04.092719Z","level":"warning","event":"Using Variable.get from `airflow.models` is deprecated.Please use `get` on Variable from sdk(`airflow.sdk.Variable`) instead","category":"DeprecationWarning","filename":"/home/airflow/.local/lib/python3.12/site-packages/airflow/models/variable.py","lineno":151,"logger":"py.warnings"}
{"timestamp":"2026-04-06T06:57:04.122903Z","level":"info","event":"origin_date not provided; auto-resolved to 2026-04-06","logger":"unusual_prefix_0f518ee9cec5cf38c2481cf42befdcbf7eb00a10_ai_orderfood_pipeline","filename":"ai_orderfood_pipeline.py","lineno":143}
{"timestamp":"2026-04-06T06:57:04.123120Z","level":"info","event":"origin_date = 2026-04-06","logger":"unusual_prefix_0f518ee9cec5cf38c2481cf42befdcbf7eb00a10_ai_orderfood_pipeline","filename":"ai_orderfood_pipeline.py","lineno":148}
{"timestamp":"2026-04-06T06:57:04.126467Z","level":"info","event":"=== generate_weekly_forecast: origin_date=2026-04-06 ===","logger":"unusual_prefix_0f518ee9cec5cf38c2481cf42befdcbf7eb00a10_ai_orderfood_pipeline","filename":"ai_orderfood_pipeline.py","lineno":204}
{"timestamp":"2026-04-06T06:57:04.126646Z","level":"info","event":"Running: /usr/python/bin/python3.12 -m app.pipeline.weekly_forecast --origin-date 2026-04-06 --baseline-config /opt/EDA_v3/configs/config_001.yaml --config /opt/EDA_v3/configs/config_003_lgbm_final.yaml --model-path /opt/EDA_v3/runs/exp_003_lgbm_tweedie_p15_lag7_14_21_28_finalfeat__20260305_223540/lgbm_final.txt  (cwd=/opt/airflow)","logger":"unusual_prefix_0f518ee9cec5cf38c2481cf42befdcbf7eb00a10_ai_orderfood_pipeline","filename":"ai_orderfood_pipeline.py","lineno":100}
{"timestamp":"2026-04-06T06:57:05.411253Z","level":"error","event":"Traceback (most recent call last):","logger":"task.stderr"}
{"timestamp":"2026-04-06T06:57:05.411836Z","level":"error","event":"  File \"/home/airflow/.local/lib/python3.12/site-packages/sqlalchemy/engine/base.py\", line 143, in __init__","logger":"task.stderr"}
{"timestamp":"2026-04-06T06:57:05.412357Z","level":"error","event":"    self._dbapi_connection = engine.raw_connection()","logger":"task.stderr"}
{"timestamp":"2026-04-06T06:57:05.412798Z","level":"error","event":"                             ^^^^^^^^^^^^^^^^^^^^^^^","logger":"task.stderr"}
{"timestamp":"2026-04-06T06:57:05.413212Z","level":"error","event":"  File \"/home/airflow/.local/lib/python3.12/site-packages/sqlalchemy/engine/base.py\", line 3317, in raw_connection","logger":"task.stderr"}
{"timestamp":"2026-04-06T06:57:05.413574Z","level":"error","event":"    return self.pool.connect()","logger":"task.stderr"}
{"timestamp":"2026-04-06T06:57:05.413950Z","level":"error","event":"           ^^^^^^^^^^^^^^^^^^^","logger":"task.stderr"}
{"timestamp":"2026-04-06T06:57:05.414294Z","level":"error","event":"  File \"/home/airflow/.local/lib/python3.12/site-packages/sqlalchemy/pool/base.py\", line 448, in connect","logger":"task.stderr"}
{"timestamp":"2026-04-06T06:57:05.414714Z","level":"error","event":"    return _ConnectionFairy._checkout(self)","logger":"task.stderr"}
{"timestamp":"2026-04-06T06:57:05.415220Z","level":"error","event":"           ^^^^^^^^^^^^^^^^^^^^^^^^^^^^^^^^","logger":"task.stderr"}
{"timestamp":"2026-04-06T06:57:05.415918Z","level":"error","event":"  File \"/home/airflow/.local/lib/python3.12/site-packages/sqlalchemy/pool/base.py\", line 1272, in _checkout","logger":"task.stderr"}
{"timestamp":"2026-04-06T06:57:05.416528Z","level":"error","event":"    fairy = _ConnectionRecord.checkout(pool)","logger":"task.stderr"}
{"timestamp":"2026-04-06T06:57:05.416963Z","level":"error","event":"            ^^^^^^^^^^^^^^^^^^^^^^^^^^^^^^^^","logger":"task.stderr"}
{"timestamp":"2026-04-06T06:57:05.417396Z","level":"error","event":"  File \"/home/airflow/.local/lib/python3.12/site-packages/sqlalchemy/pool/base.py\", line 712, in checkout","logger":"task.stderr"}
{"timestamp":"2026-04-06T06:57:05.417876Z","level":"error","event":"    rec = pool._do_get()","logger":"task.stderr"}
{"timestamp":"2026-04-06T06:57:05.418197Z","level":"error","event":"          ^^^^^^^^^^^^^^","logger":"task.stderr"}
{"timestamp":"2026-04-06T06:57:05.418572Z","level":"error","event":"  File \"/home/airflow/.local/lib/python3.12/site-packages/sqlalchemy/pool/impl.py\", line 177, in _do_get","logger":"task.stderr"}
{"timestamp":"2026-04-06T06:57:05.418902Z","level":"error","event":"    with util.safe_reraise():","logger":"task.stderr"}
{"timestamp":"2026-04-06T06:57:05.419240Z","level":"error","event":"         ^^^^^^^^^^^^^^^^^^^","logger":"task.stderr"}
{"timestamp":"2026-04-06T06:57:05.419559Z","level":"error","event":"  File \"/home/airflow/.local/lib/python3.12/site-packages/sqlalchemy/util/langhelpers.py\", line 121, in __exit__","logger":"task.stderr"}
{"timestamp":"2026-04-06T06:57:05.419947Z","level":"error","event":"    raise exc_value.with_traceback(exc_tb)","logger":"task.stderr"}
{"timestamp":"2026-04-06T06:57:05.420364Z","level":"error","event":"  File \"/home/airflow/.local/lib/python3.12/site-packages/sqlalchemy/pool/impl.py\", line 175, in _do_get","logger":"task.stderr"}
{"timestamp":"2026-04-06T06:57:05.420748Z","level":"error","event":"    return self._create_connection()","logger":"task.stderr"}
{"timestamp":"2026-04-06T06:57:05.421152Z","level":"error","event":"           ^^^^^^^^^^^^^^^^^^^^^^^^^","logger":"task.stderr"}
{"timestamp":"2026-04-06T06:57:05.421530Z","level":"error","event":"  File \"/home/airflow/.local/lib/python3.12/site-packages/sqlalchemy/pool/base.py\", line 389, in _create_connection","logger":"task.stderr"}
{"timestamp":"2026-04-06T06:57:05.421870Z","level":"error","event":"    return _ConnectionRecord(self)","logger":"task.stderr"}
{"timestamp":"2026-04-06T06:57:05.422297Z","level":"error","event":"           ^^^^^^^^^^^^^^^^^^^^^^^","logger":"task.stderr"}
{"timestamp":"2026-04-06T06:57:05.422660Z","level":"error","event":"  File \"/home/airflow/.local/lib/python3.12/site-packages/sqlalchemy/pool/base.py\", line 674, in __init__","logger":"task.stderr"}
{"timestamp":"2026-04-06T06:57:05.423110Z","level":"error","event":"    self.__connect()","logger":"task.stderr"}
{"timestamp":"2026-04-06T06:57:05.423499Z","level":"error","event":"  File \"/home/airflow/.local/lib/python3.12/site-packages/sqlalchemy/pool/base.py\", line 900, in __connect","logger":"task.stderr"}
{"timestamp":"2026-04-06T06:57:05.423977Z","level":"error","event":"    with util.safe_reraise():","logger":"task.stderr"}
{"timestamp":"2026-04-06T06:57:05.424480Z","level":"error","event":"         ^^^^^^^^^^^^^^^^^^^","logger":"task.stderr"}
{"timestamp":"2026-04-06T06:57:05.424934Z","level":"error","event":"  File \"/home/airflow/.local/lib/python3.12/site-packages/sqlalchemy/util/langhelpers.py\", line 121, in __exit__","logger":"task.stderr"}
{"timestamp":"2026-04-06T06:57:05.425484Z","level":"error","event":"    raise exc_value.with_traceback(exc_tb)","logger":"task.stderr"}
{"timestamp":"2026-04-06T06:57:05.425840Z","level":"error","event":"  File \"/home/airflow/.local/lib/python3.12/site-packages/sqlalchemy/pool/base.py\", line 896, in __connect","logger":"task.stderr"}
{"timestamp":"2026-04-06T06:57:05.426225Z","level":"error","event":"    self.dbapi_connection = connection = pool._invoke_creator(self)","logger":"task.stderr"}
{"timestamp":"2026-04-06T06:57:05.426551Z","level":"error","event":"                                         ^^^^^^^^^^^^^^^^^^^^^^^^^^","logger":"task.stderr"}
{"timestamp":"2026-04-06T06:57:05.426869Z","level":"error","event":"  File \"/home/airflow/.local/lib/python3.12/site-packages/sqlalchemy/engine/create.py\", line 667, in connect","logger":"task.stderr"}
{"timestamp":"2026-04-06T06:57:05.427219Z","level":"error","event":"    return dialect.connect(*cargs_tup, **cparams)","logger":"task.stderr"}
{"timestamp":"2026-04-06T06:57:05.427564Z","level":"error","event":"           ^^^^^^^^^^^^^^^^^^^^^^^^^^^^^^^^^^^^^^","logger":"task.stderr"}
{"timestamp":"2026-04-06T06:57:05.428003Z","level":"error","event":"  File \"/home/airflow/.local/lib/python3.12/site-packages/sqlalchemy/engine/default.py\", line 630, in connect","logger":"task.stderr"}
{"timestamp":"2026-04-06T06:57:05.428390Z","level":"error","event":"    return self.loaded_dbapi.connect(*cargs, **cparams)  # type: ignore[no-any-return]  # NOQA: E501","logger":"task.stderr"}
{"timestamp":"2026-04-06T06:57:05.428750Z","level":"error","event":"           ^^^^^^^^^^^^^^^^^^^^^^^^^^^^^^^^^^^^^^^^^^^^","logger":"task.stderr"}
{"timestamp":"2026-04-06T06:57:05.429100Z","level":"error","event":"pyodbc.OperationalError: ('08001', '[08001] [Microsoft][ODBC Driver 18 for SQL Server]SSL Provider: [error:0A000086:SSL routines::certificate verify failed:self-signed certificate] (-1) (SQLDriverConnect)')","logger":"task.stderr"}
{"timestamp":"2026-04-06T06:57:05.429451Z","level":"error","event":"","logger":"task.stderr"}
{"timestamp":"2026-04-06T06:57:05.429840Z","level":"error","event":"The above exception was the direct cause of the following exception:","logger":"task.stderr"}
{"timestamp":"2026-04-06T06:57:05.430283Z","level":"error","event":"","logger":"task.stderr"}
{"timestamp":"2026-04-06T06:57:05.430636Z","level":"error","event":"Traceback (most recent call last):","logger":"task.stderr"}
{"timestamp":"2026-04-06T06:57:05.431021Z","level":"error","event":"  File \"<frozen runpy>\", line 198, in _run_module_as_main","logger":"task.stderr"}
{"timestamp":"2026-04-06T06:57:05.431333Z","level":"error","event":"  File \"<frozen runpy>\", line 88, in _run_code","logger":"task.stderr"}
{"timestamp":"2026-04-06T06:57:05.431630Z","level":"error","event":"  File \"/opt/airflow/app/pipeline/weekly_forecast.py\", line 291, in <module>","logger":"task.stderr"}
{"timestamp":"2026-04-06T06:57:05.432118Z","level":"error","event":"    main()","logger":"task.stderr"}
{"timestamp":"2026-04-06T06:57:05.432491Z","level":"error","event":"  File \"/opt/airflow/app/pipeline/weekly_forecast.py\", line 133, in main","logger":"task.stderr"}
{"timestamp":"2026-04-06T06:57:05.432828Z","level":"error","event":"    df = load_and_clean(cfg_base)","logger":"task.stderr"}
{"timestamp":"2026-04-06T06:57:05.433298Z","level":"error","event":"         ^^^^^^^^^^^^^^^^^^^^^^^^","logger":"task.stderr"}
{"timestamp":"2026-04-06T06:57:05.433655Z","level":"error","event":"  File \"/opt/airflow/app/forecasting/data.py\", line 61, in load_and_clean","logger":"task.stderr"}
{"timestamp":"2026-04-06T06:57:05.433997Z","level":"error","event":"    df = pd.read_sql(f\"SELECT * FROM {view}\", engine)","logger":"task.stderr"}
{"timestamp":"2026-04-06T06:57:05.434509Z","level":"error","event":"         ^^^^^^^^^^^^^^^^^^^^^^^^^^^^^^^^^^^^^^^^^^^^","logger":"task.stderr"}
{"timestamp":"2026-04-06T06:57:05.434914Z","level":"error","event":"  File \"/home/airflow/.local/lib/python3.12/site-packages/pandas/io/sql.py\", line 706, in read_sql","logger":"task.stderr"}
{"timestamp":"2026-04-06T06:57:05.435348Z","level":"error","event":"    with pandasSQL_builder(con) as pandas_sql:","logger":"task.stderr"}
{"timestamp":"2026-04-06T06:57:05.435693Z","level":"error","event":"         ^^^^^^^^^^^^^^^^^^^^^^","logger":"task.stderr"}
{"timestamp":"2026-04-06T06:57:05.436169Z","level":"error","event":"  File \"/home/airflow/.local/lib/python3.12/site-packages/pandas/io/sql.py\", line 908, in pandasSQL_builder","logger":"task.stderr"}
{"timestamp":"2026-04-06T06:57:05.436613Z","level":"error","event":"    return SQLDatabase(con, schema, need_transaction)","logger":"task.stderr"}
{"timestamp":"2026-04-06T06:57:05.437003Z","level":"error","event":"           ^^^^^^^^^^^^^^^^^^^^^^^^^^^^^^^^^^^^^^^^^^","logger":"task.stderr"}
{"timestamp":"2026-04-06T06:57:05.437346Z","level":"error","event":"  File \"/home/airflow/.local/lib/python3.12/site-packages/pandas/io/sql.py\", line 1648, in __init__","logger":"task.stderr"}
{"timestamp":"2026-04-06T06:57:05.437698Z","level":"error","event":"    con = self.exit_stack.enter_context(con.connect())","logger":"task.stderr"}
{"timestamp":"2026-04-06T06:57:05.438090Z","level":"error","event":"                                        ^^^^^^^^^^^^^","logger":"task.stderr"}
{"timestamp":"2026-04-06T06:57:05.438437Z","level":"error","event":"  File \"/home/airflow/.local/lib/python3.12/site-packages/sqlalchemy/engine/base.py\", line 3293, in connect","logger":"task.stderr"}
{"timestamp":"2026-04-06T06:57:05.438989Z","level":"error","event":"    return self._connection_cls(self)","logger":"task.stderr"}
{"timestamp":"2026-04-06T06:57:05.439534Z","level":"error","event":"           ^^^^^^^^^^^^^^^^^^^^^^^^^^","logger":"task.stderr"}
{"timestamp":"2026-04-06T06:57:05.440078Z","level":"error","event":"  File \"/home/airflow/.local/lib/python3.12/site-packages/sqlalchemy/engine/base.py\", line 145, in __init__","logger":"task.stderr"}
{"timestamp":"2026-04-06T06:57:05.440584Z","level":"error","event":"    Connection._handle_dbapi_exception_noconnection(","logger":"task.stderr"}
{"timestamp":"2026-04-06T06:57:05.441082Z","level":"error","event":"  File \"/home/airflow/.local/lib/python3.12/site-packages/sqlalchemy/engine/base.py\", line 2448, in _handle_dbapi_exception_noconnection","logger":"task.stderr"}
{"timestamp":"2026-04-06T06:57:05.441471Z","level":"error","event":"    raise sqlalchemy_exception.with_traceback(exc_info[2]) from e","logger":"task.stderr"}
{"timestamp":"2026-04-06T06:57:05.441857Z","level":"error","event":"  File \"/home/airflow/.local/lib/python3.12/site-packages/sqlalchemy/engine/base.py\", line 143, in __init__","logger":"task.stderr"}
{"timestamp":"2026-04-06T06:57:05.442222Z","level":"error","event":"    self._dbapi_connection = engine.raw_connection()","logger":"task.stderr"}
{"timestamp":"2026-04-06T06:57:05.442729Z","level":"error","event":"                             ^^^^^^^^^^^^^^^^^^^^^^^","logger":"task.stderr"}
{"timestamp":"2026-04-06T06:57:05.443088Z","level":"error","event":"  File \"/home/airflow/.local/lib/python3.12/site-packages/sqlalchemy/engine/base.py\", line 3317, in raw_connection","logger":"task.stderr"}
{"timestamp":"2026-04-06T06:57:05.443497Z","level":"error","event":"    return self.pool.connect()","logger":"task.stderr"}
{"timestamp":"2026-04-06T06:57:05.443928Z","level":"error","event":"           ^^^^^^^^^^^^^^^^^^^","logger":"task.stderr"}
{"timestamp":"2026-04-06T06:57:05.444393Z","level":"error","event":"  File \"/home/airflow/.local/lib/python3.12/site-packages/sqlalchemy/pool/base.py\", line 448, in connect","logger":"task.stderr"}
{"timestamp":"2026-04-06T06:57:05.444878Z","level":"error","event":"    return _ConnectionFairy._checkout(self)","logger":"task.stderr"}
{"timestamp":"2026-04-06T06:57:05.445378Z","level":"error","event":"           ^^^^^^^^^^^^^^^^^^^^^^^^^^^^^^^^","logger":"task.stderr"}
{"timestamp":"2026-04-06T06:57:05.445825Z","level":"error","event":"  File \"/home/airflow/.local/lib/python3.12/site-packages/sqlalchemy/pool/base.py\", line 1272, in _checkout","logger":"task.stderr"}
{"timestamp":"2026-04-06T06:57:05.446349Z","level":"error","event":"    fairy = _ConnectionRecord.checkout(pool)","logger":"task.stderr"}
{"timestamp":"2026-04-06T06:57:05.446909Z","level":"error","event":"            ^^^^^^^^^^^^^^^^^^^^^^^^^^^^^^^^","logger":"task.stderr"}
{"timestamp":"2026-04-06T06:57:05.447445Z","level":"error","event":"  File \"/home/airflow/.local/lib/python3.12/site-packages/sqlalchemy/pool/base.py\", line 712, in checkout","logger":"task.stderr"}
{"timestamp":"2026-04-06T06:57:05.448119Z","level":"error","event":"    rec = pool._do_get()","logger":"task.stderr"}
{"timestamp":"2026-04-06T06:57:05.448563Z","level":"error","event":"          ^^^^^^^^^^^^^^","logger":"task.stderr"}
{"timestamp":"2026-04-06T06:57:05.448969Z","level":"error","event":"  File \"/home/airflow/.local/lib/python3.12/site-packages/sqlalchemy/pool/impl.py\", line 177, in _do_get","logger":"task.stderr"}
{"timestamp":"2026-04-06T06:57:05.449316Z","level":"error","event":"    with util.safe_reraise():","logger":"task.stderr"}
{"timestamp":"2026-04-06T06:57:05.449721Z","level":"error","event":"         ^^^^^^^^^^^^^^^^^^^","logger":"task.stderr"}
{"timestamp":"2026-04-06T06:57:05.450148Z","level":"error","event":"  File \"/home/airflow/.local/lib/python3.12/site-packages/sqlalchemy/util/langhelpers.py\", line 121, in __exit__","logger":"task.stderr"}
{"timestamp":"2026-04-06T06:57:05.450627Z","level":"error","event":"    raise exc_value.with_traceback(exc_tb)","logger":"task.stderr"}
{"timestamp":"2026-04-06T06:57:05.451248Z","level":"error","event":"  File \"/home/airflow/.local/lib/python3.12/site-packages/sqlalchemy/pool/impl.py\", line 175, in _do_get","logger":"task.stderr"}
{"timestamp":"2026-04-06T06:57:05.451716Z","level":"error","event":"    return self._create_connection()","logger":"task.stderr"}
{"timestamp":"2026-04-06T06:57:05.452232Z","level":"error","event":"           ^^^^^^^^^^^^^^^^^^^^^^^^^","logger":"task.stderr"}
{"timestamp":"2026-04-06T06:57:05.452728Z","level":"error","event":"  File \"/home/airflow/.local/lib/python3.12/site-packages/sqlalchemy/pool/base.py\", line 389, in _create_connection","logger":"task.stderr"}
{"timestamp":"2026-04-06T06:57:05.453161Z","level":"error","event":"    return _ConnectionRecord(self)","logger":"task.stderr"}
{"timestamp":"2026-04-06T06:57:05.453629Z","level":"error","event":"           ^^^^^^^^^^^^^^^^^^^^^^^","logger":"task.stderr"}
{"timestamp":"2026-04-06T06:57:05.454095Z","level":"error","event":"  File \"/home/airflow/.local/lib/python3.12/site-packages/sqlalchemy/pool/base.py\", line 674, in __init__","logger":"task.stderr"}
{"timestamp":"2026-04-06T06:57:05.454555Z","level":"error","event":"    self.__connect()","logger":"task.stderr"}
{"timestamp":"2026-04-06T06:57:05.455021Z","level":"error","event":"  File \"/home/airflow/.local/lib/python3.12/site-packages/sqlalchemy/pool/base.py\", line 900, in __connect","logger":"task.stderr"}
{"timestamp":"2026-04-06T06:57:05.455486Z","level":"error","event":"    with util.safe_reraise():","logger":"task.stderr"}
{"timestamp":"2026-04-06T06:57:05.456038Z","level":"error","event":"         ^^^^^^^^^^^^^^^^^^^","logger":"task.stderr"}
{"timestamp":"2026-04-06T06:57:05.456617Z","level":"error","event":"  File \"/home/airflow/.local/lib/python3.12/site-packages/sqlalchemy/util/langhelpers.py\", line 121, in __exit__","logger":"task.stderr"}
{"timestamp":"2026-04-06T06:57:05.457018Z","level":"error","event":"    raise exc_value.with_traceback(exc_tb)","logger":"task.stderr"}
{"timestamp":"2026-04-06T06:57:05.457462Z","level":"error","event":"  File \"/home/airflow/.local/lib/python3.12/site-packages/sqlalchemy/pool/base.py\", line 896, in __connect","logger":"task.stderr"}
{"timestamp":"2026-04-06T06:57:05.457937Z","level":"error","event":"    self.dbapi_connection = connection = pool._invoke_creator(self)","logger":"task.stderr"}
{"timestamp":"2026-04-06T06:57:05.458343Z","level":"error","event":"                                         ^^^^^^^^^^^^^^^^^^^^^^^^^^","logger":"task.stderr"}
{"timestamp":"2026-04-06T06:57:05.458962Z","level":"error","event":"  File \"/home/airflow/.local/lib/python3.12/site-packages/sqlalchemy/engine/create.py\", line 667, in connect","logger":"task.stderr"}
{"timestamp":"2026-04-06T06:57:05.459386Z","level":"error","event":"    return dialect.connect(*cargs_tup, **cparams)","logger":"task.stderr"}
{"timestamp":"2026-04-06T06:57:05.459928Z","level":"error","event":"           ^^^^^^^^^^^^^^^^^^^^^^^^^^^^^^^^^^^^^^","logger":"task.stderr"}
{"timestamp":"2026-04-06T06:57:05.460468Z","level":"error","event":"  File \"/home/airflow/.local/lib/python3.12/site-packages/sqlalchemy/engine/default.py\", line 630, in connect","logger":"task.stderr"}
{"timestamp":"2026-04-06T06:57:05.460935Z","level":"error","event":"    return self.loaded_dbapi.connect(*cargs, **cparams)  # type: ignore[no-any-return]  # NOQA: E501","logger":"task.stderr"}
{"timestamp":"2026-04-06T06:57:05.461396Z","level":"error","event":"           ^^^^^^^^^^^^^^^^^^^^^^^^^^^^^^^^^^^^^^^^^^^^","logger":"task.stderr"}
{"timestamp":"2026-04-06T06:57:05.461908Z","level":"error","event":"sqlalchemy.exc.OperationalError: (pyodbc.OperationalError) ('08001', '[08001] [Microsoft][ODBC Driver 18 for SQL Server]SSL Provider: [error:0A000086:SSL routines::certificate verify failed:self-signed certificate] (-1) (SQLDriverConnect)')","logger":"task.stderr"}
{"timestamp":"2026-04-06T06:57:05.462490Z","level":"error","event":"(Background on this error at: https://sqlalche.me/e/20/e3q8)","logger":"task.stderr"}
{"timestamp":"2026-04-06T06:57:05.616994Z","level":"error","event":"Task failed with exception","logger":"task","filename":"task_runner.py","lineno":1186,"error_detail":[{"exc_type":"RuntimeError","exc_value":"Subprocess failed (exit 1): /usr/python/bin/python3.12 -m app.pipeline.weekly_forecast --origin-date 2026-04-06 --baseline-config /opt/EDA_v3/configs/config_001.yaml --config /opt/EDA_v3/configs/config_003_lgbm_final.yaml --model-path /opt/EDA_v3/runs/exp_003_lgbm_tweedie_p15_lag7_14_21_28_finalfeat__20260305_223540/lgbm_final.txt","exc_notes":[],"syntax_error":null,"is_cause":false,"frames":[{"filename":"/home/airflow/.local/lib/python3.12/site-packages/airflow/sdk/execution_time/task_runner.py","lineno":1112,"name":"run"},{"filename":"/home/airflow/.local/lib/python3.12/site-packages/airflow/sdk/execution_time/task_runner.py","lineno":1528,"name":"_execute_task"},{"filename":"/home/airflow/.local/lib/python3.12/site-packages/airflow/sdk/bases/operator.py","lineno":417,"name":"wrapper"},{"filename":"/home/airflow/.local/lib/python3.12/site-packages/airflow/providers/standard/operators/python.py","lineno":228,"name":"execute"},{"filename":"/home/airflow/.local/lib/python3.12/site-packages/airflow/providers/standard/operators/python.py","lineno":251,"name":"execute_callable"},{"filename":"/home/airflow/.local/lib/python3.12/site-packages/airflow/sdk/execution_time/callback_runner.py","lineno":82,"name":"run"},{"filename":"/opt/airflow/dags/ai_orderfood_pipeline.py","lineno":205,"name":"task_generate_weekly_forecast"},{"filename":"/opt/airflow/dags/ai_orderfood_pipeline.py","lineno":108,"name":"_run_subprocess"}],"is_group":false,"exceptions":[]}]}
{"timestamp":"2026-04-06T06:57:05.652278Z","level":"info","event":"Task instance in failure state","logger":"task.stdout"}
{"timestamp":"2026-04-06T06:57:05.652936Z","level":"info","event":"Task start","logger":"task.stdout"}
{"timestamp":"2026-04-06T06:57:05.653466Z","level":"info","event":"Task:<Task(PythonOperator): generate_weekly_forecast>","logger":"task.stdout"}
{"timestamp":"2026-04-06T06:57:05.654813Z","level":"info","event":"Failure caused by Subprocess failed (exit 1): /usr/python/bin/python3.12 -m app.pipeline.weekly_forecast --origin-date 2026-04-06 --baseline-config /opt/EDA_v3/configs/config_001.yaml --config /opt/EDA_v3/configs/config_003_lgbm_final.yaml --model-path /opt/EDA_v3/runs/exp_003_lgbm_tweedie_p15_lag7_14_21_28_finalfeat__20260305_223540/lgbm_final.txt","logger":"task.stdout"}
