{"timestamp":"2026-04-04T07:59:01.397505Z","level":"info","event":"DAG bundles loaded: dags-folder, example_dags","logger":"airflow.dag_processing.bundles.manager.DagBundlesManager","filename":"manager.py","lineno":179}
{"timestamp":"2026-04-04T07:59:01.399214Z","level":"info","event":"Filling up the DagBag from /opt/airflow/dags/ai_orderfood_pipeline.py","logger":"airflow.models.dagbag.BundleDagBag","filename":"dagbag.py","lineno":593}
{"timestamp":"2026-04-04T07:59:01.417776Z","level":"warning","event":"The `airflow.operators.python.PythonOperator` attribute is deprecated. Please use `'airflow.providers.standard.operators.python.PythonOperator'`.","category":"DeprecatedImportWarning","filename":"/opt/airflow/dags/ai_orderfood_pipeline.py","lineno":49,"logger":"py.warnings"}
{"timestamp":"2026-04-04T07:59:01.421407Z","level":"info","event":"Stats instance was created in PID 7 but accessed in PID 126. Re-initializing.","logger":"airflow.stats","filename":"stats.py","lineno":57}
{"timestamp":"2026-04-04T07:59:01.478514Z","level":"info","event":"Task instance is in running state","logger":"task.stdout"}
{"timestamp":"2026-04-04T07:59:01.479000Z","level":"info","event":" Previous state of the Task instance: TaskInstanceState.QUEUED","logger":"task.stdout"}
{"timestamp":"2026-04-04T07:59:01.479395Z","level":"info","event":"Current task name:sync_dw_data","logger":"task.stdout"}
{"timestamp":"2026-04-04T07:59:01.479636Z","level":"info","event":"Dag name:ai_orderfood_weekly_pipeline","logger":"task.stdout"}
{"timestamp":"2026-04-04T07:59:01.481548Z","level":"info","event":"=== sync_dw_data: loading Excel into MSSQL staging ===","logger":"unusual_prefix_0f518ee9cec5cf38c2481cf42befdcbf7eb00a10_ai_orderfood_pipeline","filename":"ai_orderfood_pipeline.py","lineno":167}
{"timestamp":"2026-04-04T07:59:01.483446Z","level":"info","event":"Running: /usr/python/bin/python3.12 /opt/airflow/dw_mssql/etl/02_load_excel_to_stg.py  (cwd=/opt/airflow)","logger":"unusual_prefix_0f518ee9cec5cf38c2481cf42befdcbf7eb00a10_ai_orderfood_pipeline","filename":"ai_orderfood_pipeline.py","lineno":100}
{"timestamp":"2026-04-04T07:59:02.219665Z","level":"info","event":"[INFO] Env:         /opt/airflow/dw_mssql/config/dw.env","logger":"task.stdout"}
{"timestamp":"2026-04-04T07:59:02.220047Z","level":"info","event":"[INFO] Sales Excel: /opt/airflow/dw_mssql/data/sales.xlsx (sheet=Sheet1) -> stg.stg_sales","logger":"task.stdout"}
{"timestamp":"2026-04-04T07:59:02.220292Z","level":"info","event":"[INFO] Menu  Excel: /opt/airflow/dw_mssql/data/menu.xlsx (sheet=foods) -> stg.stg_menu","logger":"task.stdout"}
{"timestamp":"2026-04-04T07:59:02.220518Z","level":"info","event":"[INFO] Mode: only=all, truncate=yes","logger":"task.stdout"}
{"timestamp":"2026-04-04T07:59:02.220808Z","level":"info","event":"[ERROR] ImportError: Missing optional dependency 'openpyxl'.  Use pip or conda to install openpyxl.","logger":"task.stdout"}
{"timestamp":"2026-04-04T07:59:02.344524Z","level":"error","event":"Task failed with exception","logger":"task","filename":"task_runner.py","lineno":1186,"error_detail":[{"exc_type":"RuntimeError","exc_value":"Subprocess failed (exit 1): /usr/python/bin/python3.12 /opt/airflow/dw_mssql/etl/02_load_excel_to_stg.py","exc_notes":[],"syntax_error":null,"is_cause":false,"frames":[{"filename":"/home/airflow/.local/lib/python3.12/site-packages/airflow/sdk/execution_time/task_runner.py","lineno":1112,"name":"run"},{"filename":"/home/airflow/.local/lib/python3.12/site-packages/airflow/sdk/execution_time/task_runner.py","lineno":1528,"name":"_execute_task"},{"filename":"/home/airflow/.local/lib/python3.12/site-packages/airflow/sdk/bases/operator.py","lineno":417,"name":"wrapper"},{"filename":"/home/airflow/.local/lib/python3.12/site-packages/airflow/providers/standard/operators/python.py","lineno":228,"name":"execute"},{"filename":"/home/airflow/.local/lib/python3.12/site-packages/airflow/providers/standard/operators/python.py","lineno":251,"name":"execute_callable"},{"filename":"/home/airflow/.local/lib/python3.12/site-packages/airflow/sdk/execution_time/callback_runner.py","lineno":82,"name":"run"},{"filename":"/opt/airflow/dags/ai_orderfood_pipeline.py","lineno":172,"name":"task_sync_dw_data"},{"filename":"/opt/airflow/dags/ai_orderfood_pipeline.py","lineno":108,"name":"_run_subprocess"}],"is_group":false,"exceptions":[]}]}
{"timestamp":"2026-04-04T07:59:02.383660Z","level":"info","event":"Task instance in failure state","logger":"task.stdout"}
{"timestamp":"2026-04-04T07:59:02.384157Z","level":"info","event":"Task start","logger":"task.stdout"}
{"timestamp":"2026-04-04T07:59:02.384440Z","level":"info","event":"Task:<Task(PythonOperator): sync_dw_data>","logger":"task.stdout"}
{"timestamp":"2026-04-04T07:59:02.384687Z","level":"info","event":"Failure caused by Subprocess failed (exit 1): /usr/python/bin/python3.12 /opt/airflow/dw_mssql/etl/02_load_excel_to_stg.py","logger":"task.stdout"}
