{"timestamp":"2026-04-06T06:56:57.199026Z","level":"info","event":"DAG bundles loaded: dags-folder, example_dags","logger":"airflow.dag_processing.bundles.manager.DagBundlesManager","filename":"manager.py","lineno":179}
{"timestamp":"2026-04-06T06:56:57.201690Z","level":"info","event":"Filling up the DagBag from /opt/airflow/dags/ai_orderfood_pipeline.py","logger":"airflow.models.dagbag.BundleDagBag","filename":"dagbag.py","lineno":593}
{"timestamp":"2026-04-06T06:56:57.233344Z","level":"warning","event":"The `airflow.operators.python.PythonOperator` attribute is deprecated. Please use `'airflow.providers.standard.operators.python.PythonOperator'`.","category":"DeprecatedImportWarning","filename":"/opt/airflow/dags/ai_orderfood_pipeline.py","lineno":49,"logger":"py.warnings"}
{"timestamp":"2026-04-06T06:56:57.236941Z","level":"info","event":"Stats instance was created in PID 7 but accessed in PID 512. Re-initializing.","logger":"airflow.stats","filename":"stats.py","lineno":57}
{"timestamp":"2026-04-06T06:56:57.278783Z","level":"info","event":"Task instance is in running state","logger":"task.stdout"}
{"timestamp":"2026-04-06T06:56:57.279484Z","level":"info","event":" Previous state of the Task instance: TaskInstanceState.QUEUED","logger":"task.stdout"}
{"timestamp":"2026-04-06T06:56:57.280176Z","level":"info","event":"Current task name:sync_dw_data","logger":"task.stdout"}
{"timestamp":"2026-04-06T06:56:57.280684Z","level":"info","event":"Dag name:ai_orderfood_weekly_pipeline","logger":"task.stdout"}
{"timestamp":"2026-04-06T06:56:57.282141Z","level":"info","event":"=== sync_dw_data: loading Excel into MSSQL staging ===","logger":"unusual_prefix_0f518ee9cec5cf38c2481cf42befdcbf7eb00a10_ai_orderfood_pipeline","filename":"ai_orderfood_pipeline.py","lineno":167}
{"timestamp":"2026-04-06T06:56:57.285603Z","level":"info","event":"Running: /usr/python/bin/python3.12 /opt/airflow/dw_mssql/etl/02_load_excel_to_stg.py  (cwd=/opt/airflow)","logger":"unusual_prefix_0f518ee9cec5cf38c2481cf42befdcbf7eb00a10_ai_orderfood_pipeline","filename":"ai_orderfood_pipeline.py","lineno":100}
{"timestamp":"2026-04-06T06:57:02.578480Z","level":"info","event":"[INFO] Env:         /opt/airflow/dw_mssql/config/dw.env","logger":"task.stdout"}
{"timestamp":"2026-04-06T06:57:02.579141Z","level":"info","event":"[INFO] Sales Excel: /opt/airflow/dw_mssql/data/sales.xlsx (sheet=Sheet1) -> stg.stg_sales","logger":"task.stdout"}
{"timestamp":"2026-04-06T06:57:02.579555Z","level":"info","event":"[INFO] Menu  Excel: /opt/airflow/dw_mssql/data/menu.xlsx (sheet=foods) -> stg.stg_menu","logger":"task.stdout"}
{"timestamp":"2026-04-06T06:57:02.579956Z","level":"info","event":"[INFO] Mode: only=all, truncate=yes","logger":"task.stdout"}
{"timestamp":"2026-04-06T06:57:02.580322Z","level":"info","event":"[INFO] Sales rows ready: 9,739","logger":"task.stdout"}
{"timestamp":"2026-04-06T06:57:02.580644Z","level":"info","event":"[INFO] Menu rows ready: 2,051","logger":"task.stdout"}
{"timestamp":"2026-04-06T06:57:02.580994Z","level":"info","event":"[INFO] TRUNCATE sales stg ...","logger":"task.stdout"}
{"timestamp":"2026-04-06T06:57:02.581387Z","level":"info","event":"[INFO] TRUNCATE menu stg ...","logger":"task.stdout"}
{"timestamp":"2026-04-06T06:57:02.581742Z","level":"info","event":"[INFO] Inserting sales ...","logger":"task.stdout"}
{"timestamp":"2026-04-06T06:57:02.582134Z","level":"info","event":"[OK] Sales inserted: 9,739","logger":"task.stdout"}
{"timestamp":"2026-04-06T06:57:02.582589Z","level":"info","event":"[INFO] Inserting menu ...","logger":"task.stdout"}
{"timestamp":"2026-04-06T06:57:02.582964Z","level":"info","event":"[OK] Menu inserted: 2,051","logger":"task.stdout"}
{"timestamp":"2026-04-06T06:57:02.583367Z","level":"info","event":"[INFO] stg.stg_sales rows: 9,739","logger":"task.stdout"}
{"timestamp":"2026-04-06T06:57:02.583799Z","level":"info","event":"[INFO] stg.stg_menu rows: 2,051","logger":"task.stdout"}
{"timestamp":"2026-04-06T06:57:02.717327Z","level":"info","event":"Running: /usr/python/bin/python3.12 /opt/airflow/dw_mssql/etl/03_etl_menu_to_dw.py  (cwd=/opt/airflow)","logger":"unusual_prefix_0f518ee9cec5cf38c2481cf42befdcbf7eb00a10_ai_orderfood_pipeline","filename":"ai_orderfood_pipeline.py","lineno":100}
{"timestamp":"2026-04-06T06:57:03.248947Z","level":"info","event":"[INFO] Env: /opt/airflow/dw_mssql/config/dw.env","logger":"task.stdout"}
{"timestamp":"2026-04-06T06:57:03.249644Z","level":"info","event":"[INFO] Source: stg.stg_menu -> Targets: dw.canonical_dish, dw.bridge_pos_food_to_canonical","logger":"task.stdout"}
{"timestamp":"2026-04-06T06:57:03.250174Z","level":"info","event":"[INFO] Mode: only=all, batch_size=2000, backfill=yes","logger":"task.stdout"}
{"timestamp":"2026-04-06T06:57:03.250588Z","level":"info","event":"[INFO] Extracting latest stg_menu rows per food_id ...","logger":"task.stdout"}
{"timestamp":"2026-04-06T06:57:03.251099Z","level":"info","event":"[INFO] stg_menu distinct food_id rows: 2,051","logger":"task.stdout"}
{"timestamp":"2026-04-06T06:57:03.251547Z","level":"info","event":"[INFO] canonical candidates: 1,641","logger":"task.stdout"}
{"timestamp":"2026-04-06T06:57:03.251963Z","level":"info","event":"[INFO] bridge rows: 2,051","logger":"task.stdout"}
{"timestamp":"2026-04-06T06:57:03.252421Z","level":"info","event":"[INFO] Creating temp tables ...","logger":"task.stdout"}
{"timestamp":"2026-04-06T06:57:03.252886Z","level":"info","event":"[INFO] Loading #canonical_src ...","logger":"task.stdout"}
{"timestamp":"2026-04-06T06:57:03.253337Z","level":"info","event":"[OK] #canonical_src inserted: 1,641","logger":"task.stdout"}
{"timestamp":"2026-04-06T06:57:03.253765Z","level":"info","event":"[INFO] MERGE -> dw.canonical_dish ...","logger":"task.stdout"}
{"timestamp":"2026-04-06T06:57:03.254104Z","level":"info","event":"[OK] canonical MERGE done.","logger":"task.stdout"}
{"timestamp":"2026-04-06T06:57:03.254484Z","level":"info","event":"[INFO] Loading #bridge_src ...","logger":"task.stdout"}
{"timestamp":"2026-04-06T06:57:03.254848Z","level":"info","event":"[OK] #bridge_src inserted: 2,051","logger":"task.stdout"}
{"timestamp":"2026-04-06T06:57:03.255282Z","level":"info","event":"[INFO] MERGE -> dw.bridge_pos_food_to_canonical ...","logger":"task.stdout"}
{"timestamp":"2026-04-06T06:57:03.255762Z","level":"info","event":"[OK] bridge MERGE done.","logger":"task.stdout"}
{"timestamp":"2026-04-06T06:57:03.256214Z","level":"info","event":"[INFO] Backfill first/last seen dates from stg_sales ...","logger":"task.stdout"}
{"timestamp":"2026-04-06T06:57:03.256681Z","level":"info","event":"[OK] backfill done.","logger":"task.stdout"}
{"timestamp":"2026-04-06T06:57:03.257059Z","level":"info","event":"[OK] Commit.","logger":"task.stdout"}
{"timestamp":"2026-04-06T06:57:03.257421Z","level":"info","event":"[INFO] stg.stg_menu rows: 2,051","logger":"task.stdout"}
{"timestamp":"2026-04-06T06:57:03.257751Z","level":"info","event":"[INFO] dw.canonical_dish rows: 1,638","logger":"task.stdout"}
{"timestamp":"2026-04-06T06:57:03.258164Z","level":"info","event":"[INFO] dw.bridge_pos_food_to_canonical rows: 2,051","logger":"task.stdout"}
{"timestamp":"2026-04-06T06:57:03.258576Z","level":"info","event":"[INFO] All sales food_id are mapped in bridge. ✅","logger":"task.stdout"}
{"timestamp":"2026-04-06T06:57:03.263481Z","level":"info","event":"=== sync_dw_data: complete ===","logger":"unusual_prefix_0f518ee9cec5cf38c2481cf42befdcbf7eb00a10_ai_orderfood_pipeline","filename":"ai_orderfood_pipeline.py","lineno":174}
{"timestamp":"2026-04-06T06:57:03.264518Z","level":"info","event":"Done. Returned value was: None","logger":"airflow.task.operators.airflow.providers.standard.operators.python.PythonOperator","filename":"python.py","lineno":230}
{"timestamp":"2026-04-06T06:57:03.289805Z","level":"info","event":"Task instance in success state","logger":"task.stdout"}
{"timestamp":"2026-04-06T06:57:03.290411Z","level":"info","event":" Previous state of the Task instance: TaskInstanceState.RUNNING","logger":"task.stdout"}
{"timestamp":"2026-04-06T06:57:03.290918Z","level":"info","event":"Task operator:<Task(PythonOperator): sync_dw_data>","logger":"task.stdout"}
