{"timestamp":"2026-04-04T07:21:34.578553Z","level":"info","event":"DAG bundles loaded: dags-folder, example_dags","logger":"airflow.dag_processing.bundles.manager.DagBundlesManager","filename":"manager.py","lineno":179}
{"timestamp":"2026-04-04T07:21:34.580437Z","level":"info","event":"Filling up the DagBag from /opt/airflow/dags/ai_orderfood_pipeline.py","logger":"airflow.models.dagbag.BundleDagBag","filename":"dagbag.py","lineno":593}
{"timestamp":"2026-04-04T07:21:34.598528Z","level":"warning","event":"The `airflow.operators.python.PythonOperator` attribute is deprecated. Please use `'airflow.providers.standard.operators.python.PythonOperator'`.","category":"DeprecatedImportWarning","filename":"/opt/airflow/dags/ai_orderfood_pipeline.py","lineno":49,"logger":"py.warnings"}
{"timestamp":"2026-04-04T07:21:34.600889Z","level":"info","event":"Stats instance was created in PID 7 but accessed in PID 209. Re-initializing.","logger":"airflow.stats","filename":"stats.py","lineno":57}
{"timestamp":"2026-04-04T07:21:34.630657Z","level":"info","event":"Task instance is in running state","logger":"task.stdout"}
{"timestamp":"2026-04-04T07:21:34.631060Z","level":"info","event":" Previous state of the Task instance: TaskInstanceState.QUEUED","logger":"task.stdout"}
{"timestamp":"2026-04-04T07:21:34.631381Z","level":"info","event":"Current task name:sync_dw_data","logger":"task.stdout"}
{"timestamp":"2026-04-04T07:21:34.631666Z","level":"info","event":"Dag name:ai_orderfood_weekly_pipeline","logger":"task.stdout"}
{"timestamp":"2026-04-04T07:21:34.633421Z","level":"info","event":"=== sync_dw_data: loading Excel into MSSQL staging ===","logger":"unusual_prefix_0f518ee9cec5cf38c2481cf42befdcbf7eb00a10_ai_orderfood_pipeline","filename":"ai_orderfood_pipeline.py","lineno":167}
{"timestamp":"2026-04-04T07:21:34.633683Z","level":"error","event":"Task failed with exception","logger":"task","filename":"task_runner.py","lineno":1186,"error_detail":[{"exc_type":"FileNotFoundError","exc_value":"DW ETL script not found: /opt/airflow/dw_mssql/etl/02_load_excel_to_stg.py","exc_notes":[],"syntax_error":null,"is_cause":false,"frames":[{"filename":"/home/airflow/.local/lib/python3.12/site-packages/airflow/sdk/execution_time/task_runner.py","lineno":1112,"name":"run"},{"filename":"/home/airflow/.local/lib/python3.12/site-packages/airflow/sdk/execution_time/task_runner.py","lineno":1528,"name":"_execute_task"},{"filename":"/home/airflow/.local/lib/python3.12/site-packages/airflow/sdk/bases/operator.py","lineno":417,"name":"wrapper"},{"filename":"/home/airflow/.local/lib/python3.12/site-packages/airflow/providers/standard/operators/python.py","lineno":228,"name":"execute"},{"filename":"/home/airflow/.local/lib/python3.12/site-packages/airflow/providers/standard/operators/python.py","lineno":251,"name":"execute_callable"},{"filename":"/home/airflow/.local/lib/python3.12/site-packages/airflow/sdk/execution_time/callback_runner.py","lineno":82,"name":"run"},{"filename":"/opt/airflow/dags/ai_orderfood_pipeline.py","lineno":171,"name":"task_sync_dw_data"}],"is_group":false,"exceptions":[]}]}
{"timestamp":"2026-04-04T07:21:34.634828Z","level":"info","event":"Task instance in failure state","logger":"task.stdout"}
{"timestamp":"2026-04-04T07:21:34.635098Z","level":"info","event":"Task start","logger":"task.stdout"}
{"timestamp":"2026-04-04T07:21:34.635276Z","level":"info","event":"Task:<Task(PythonOperator): sync_dw_data>","logger":"task.stdout"}
{"timestamp":"2026-04-04T07:21:34.635463Z","level":"info","event":"Failure caused by DW ETL script not found: /opt/airflow/dw_mssql/etl/02_load_excel_to_stg.py","logger":"task.stdout"}
{"timestamp":"2026-04-04T08:04:04.810485Z","level":"info","event":"DAG bundles loaded: dags-folder, example_dags","logger":"airflow.dag_processing.bundles.manager.DagBundlesManager","filename":"manager.py","lineno":179}
{"timestamp":"2026-04-04T08:04:04.812122Z","level":"info","event":"Filling up the DagBag from /opt/airflow/dags/ai_orderfood_pipeline.py","logger":"airflow.models.dagbag.BundleDagBag","filename":"dagbag.py","lineno":593}
{"timestamp":"2026-04-04T08:04:04.826141Z","level":"warning","event":"The `airflow.operators.python.PythonOperator` attribute is deprecated. Please use `'airflow.providers.standard.operators.python.PythonOperator'`.","category":"DeprecatedImportWarning","filename":"/opt/airflow/dags/ai_orderfood_pipeline.py","lineno":49,"logger":"py.warnings"}
{"timestamp":"2026-04-04T08:04:04.828179Z","level":"info","event":"Stats instance was created in PID 7 but accessed in PID 96. Re-initializing.","logger":"airflow.stats","filename":"stats.py","lineno":57}
{"timestamp":"2026-04-04T08:04:04.867883Z","level":"info","event":"Task instance is in running state","logger":"task.stdout"}
{"timestamp":"2026-04-04T08:04:04.868303Z","level":"info","event":" Previous state of the Task instance: TaskInstanceState.QUEUED","logger":"task.stdout"}
{"timestamp":"2026-04-04T08:04:04.868716Z","level":"info","event":"Current task name:sync_dw_data","logger":"task.stdout"}
{"timestamp":"2026-04-04T08:04:04.869016Z","level":"info","event":"Dag name:ai_orderfood_weekly_pipeline","logger":"task.stdout"}
{"timestamp":"2026-04-04T08:04:04.870328Z","level":"info","event":"=== sync_dw_data: loading Excel into MSSQL staging ===","logger":"unusual_prefix_0f518ee9cec5cf38c2481cf42befdcbf7eb00a10_ai_orderfood_pipeline","filename":"ai_orderfood_pipeline.py","lineno":167}
{"timestamp":"2026-04-04T08:04:04.871894Z","level":"info","event":"Running: /usr/python/bin/python3.12 /opt/airflow/dw_mssql/etl/02_load_excel_to_stg.py  (cwd=/opt/airflow)","logger":"unusual_prefix_0f518ee9cec5cf38c2481cf42befdcbf7eb00a10_ai_orderfood_pipeline","filename":"ai_orderfood_pipeline.py","lineno":100}
{"timestamp":"2026-04-04T08:04:05.475968Z","level":"info","event":"[INFO] Env:         /opt/airflow/dw_mssql/config/dw.env","logger":"task.stdout"}
{"timestamp":"2026-04-04T08:04:05.476252Z","level":"info","event":"[INFO] Sales Excel: /opt/airflow/dw_mssql/data/sales.xlsx (sheet=Sheet1) -> stg.stg_sales","logger":"task.stdout"}
{"timestamp":"2026-04-04T08:04:05.476491Z","level":"info","event":"[INFO] Menu  Excel: /opt/airflow/dw_mssql/data/menu.xlsx (sheet=foods) -> stg.stg_menu","logger":"task.stdout"}
{"timestamp":"2026-04-04T08:04:05.476705Z","level":"info","event":"[INFO] Mode: only=all, truncate=yes","logger":"task.stdout"}
{"timestamp":"2026-04-04T08:04:05.476930Z","level":"info","event":"[ERROR] ImportError: Missing optional dependency 'openpyxl'.  Use pip or conda to install openpyxl.","logger":"task.stdout"}
{"timestamp":"2026-04-04T08:04:05.575196Z","level":"error","event":"Task failed with exception","logger":"task","filename":"task_runner.py","lineno":1186,"error_detail":[{"exc_type":"RuntimeError","exc_value":"Subprocess failed (exit 1): /usr/python/bin/python3.12 /opt/airflow/dw_mssql/etl/02_load_excel_to_stg.py","exc_notes":[],"syntax_error":null,"is_cause":false,"frames":[{"filename":"/home/airflow/.local/lib/python3.12/site-packages/airflow/sdk/execution_time/task_runner.py","lineno":1112,"name":"run"},{"filename":"/home/airflow/.local/lib/python3.12/site-packages/airflow/sdk/execution_time/task_runner.py","lineno":1528,"name":"_execute_task"},{"filename":"/home/airflow/.local/lib/python3.12/site-packages/airflow/sdk/bases/operator.py","lineno":417,"name":"wrapper"},{"filename":"/home/airflow/.local/lib/python3.12/site-packages/airflow/providers/standard/operators/python.py","lineno":228,"name":"execute"},{"filename":"/home/airflow/.local/lib/python3.12/site-packages/airflow/providers/standard/operators/python.py","lineno":251,"name":"execute_callable"},{"filename":"/home/airflow/.local/lib/python3.12/site-packages/airflow/sdk/execution_time/callback_runner.py","lineno":82,"name":"run"},{"filename":"/opt/airflow/dags/ai_orderfood_pipeline.py","lineno":172,"name":"task_sync_dw_data"},{"filename":"/opt/airflow/dags/ai_orderfood_pipeline.py","lineno":108,"name":"_run_subprocess"}],"is_group":false,"exceptions":[]}]}
{"timestamp":"2026-04-04T08:04:05.576969Z","level":"info","event":"Task instance in failure state","logger":"task.stdout"}
{"timestamp":"2026-04-04T08:04:05.577490Z","level":"info","event":"Task start","logger":"task.stdout"}
{"timestamp":"2026-04-04T08:04:05.577795Z","level":"info","event":"Task:<Task(PythonOperator): sync_dw_data>","logger":"task.stdout"}
{"timestamp":"2026-04-04T08:04:05.578040Z","level":"info","event":"Failure caused by Subprocess failed (exit 1): /usr/python/bin/python3.12 /opt/airflow/dw_mssql/etl/02_load_excel_to_stg.py","logger":"task.stdout"}
{"timestamp":"2026-04-04T08:20:50.561833Z","level":"info","event":"DAG bundles loaded: dags-folder, example_dags","logger":"airflow.dag_processing.bundles.manager.DagBundlesManager","filename":"manager.py","lineno":179}
{"timestamp":"2026-04-04T08:20:50.564624Z","level":"info","event":"Filling up the DagBag from /opt/airflow/dags/ai_orderfood_pipeline.py","logger":"airflow.models.dagbag.BundleDagBag","filename":"dagbag.py","lineno":593}
{"timestamp":"2026-04-04T08:20:50.593384Z","level":"warning","event":"The `airflow.operators.python.PythonOperator` attribute is deprecated. Please use `'airflow.providers.standard.operators.python.PythonOperator'`.","category":"DeprecatedImportWarning","filename":"/opt/airflow/dags/ai_orderfood_pipeline.py","lineno":49,"logger":"py.warnings"}
{"timestamp":"2026-04-04T08:20:50.596863Z","level":"info","event":"Stats instance was created in PID 7 but accessed in PID 229. Re-initializing.","logger":"airflow.stats","filename":"stats.py","lineno":57}
{"timestamp":"2026-04-04T08:20:50.639740Z","level":"info","event":"Task instance is in running state","logger":"task.stdout"}
{"timestamp":"2026-04-04T08:20:50.640278Z","level":"info","event":" Previous state of the Task instance: TaskInstanceState.QUEUED","logger":"task.stdout"}
{"timestamp":"2026-04-04T08:20:50.640854Z","level":"info","event":"Current task name:sync_dw_data","logger":"task.stdout"}
{"timestamp":"2026-04-04T08:20:50.641377Z","level":"info","event":"Dag name:ai_orderfood_weekly_pipeline","logger":"task.stdout"}
{"timestamp":"2026-04-04T08:20:50.643923Z","level":"info","event":"=== sync_dw_data: loading Excel into MSSQL staging ===","logger":"unusual_prefix_0f518ee9cec5cf38c2481cf42befdcbf7eb00a10_ai_orderfood_pipeline","filename":"ai_orderfood_pipeline.py","lineno":167}
{"timestamp":"2026-04-04T08:20:50.646993Z","level":"info","event":"Running: /usr/python/bin/python3.12 /opt/airflow/dw_mssql/etl/02_load_excel_to_stg.py  (cwd=/opt/airflow)","logger":"unusual_prefix_0f518ee9cec5cf38c2481cf42befdcbf7eb00a10_ai_orderfood_pipeline","filename":"ai_orderfood_pipeline.py","lineno":100}
{"timestamp":"2026-04-04T08:21:11.322948Z","level":"info","event":"[INFO] Env:         /opt/airflow/dw_mssql/config/dw.env","logger":"task.stdout"}
{"timestamp":"2026-04-04T08:21:11.326398Z","level":"info","event":"[INFO] Sales Excel: /opt/airflow/dw_mssql/data/sales.xlsx (sheet=Sheet1) -> stg.stg_sales","logger":"task.stdout"}
{"timestamp":"2026-04-04T08:21:11.327207Z","level":"info","event":"[INFO] Menu  Excel: /opt/airflow/dw_mssql/data/menu.xlsx (sheet=foods) -> stg.stg_menu","logger":"task.stdout"}
{"timestamp":"2026-04-04T08:21:11.327874Z","level":"info","event":"[INFO] Mode: only=all, truncate=yes","logger":"task.stdout"}
{"timestamp":"2026-04-04T08:21:11.328723Z","level":"info","event":"[INFO] Sales rows ready: 9,739","logger":"task.stdout"}
{"timestamp":"2026-04-04T08:21:11.329656Z","level":"info","event":"[INFO] Menu rows ready: 2,051","logger":"task.stdout"}
{"timestamp":"2026-04-04T08:21:11.330440Z","level":"info","event":"[ERROR] OperationalError: ('HYT00', '[HYT00] [Microsoft][ODBC Driver 18 for SQL Server]Login timeout expired (0) (SQLDriverConnect)')","logger":"task.stdout"}
{"timestamp":"2026-04-04T08:21:11.583363Z","level":"error","event":"Task failed with exception","logger":"task","filename":"task_runner.py","lineno":1186,"error_detail":[{"exc_type":"RuntimeError","exc_value":"Subprocess failed (exit 1): /usr/python/bin/python3.12 /opt/airflow/dw_mssql/etl/02_load_excel_to_stg.py","exc_notes":[],"syntax_error":null,"is_cause":false,"frames":[{"filename":"/home/airflow/.local/lib/python3.12/site-packages/airflow/sdk/execution_time/task_runner.py","lineno":1112,"name":"run"},{"filename":"/home/airflow/.local/lib/python3.12/site-packages/airflow/sdk/execution_time/task_runner.py","lineno":1528,"name":"_execute_task"},{"filename":"/home/airflow/.local/lib/python3.12/site-packages/airflow/sdk/bases/operator.py","lineno":417,"name":"wrapper"},{"filename":"/home/airflow/.local/lib/python3.12/site-packages/airflow/providers/standard/operators/python.py","lineno":228,"name":"execute"},{"filename":"/home/airflow/.local/lib/python3.12/site-packages/airflow/providers/standard/operators/python.py","lineno":251,"name":"execute_callable"},{"filename":"/home/airflow/.local/lib/python3.12/site-packages/airflow/sdk/execution_time/callback_runner.py","lineno":82,"name":"run"},{"filename":"/opt/airflow/dags/ai_orderfood_pipeline.py","lineno":172,"name":"task_sync_dw_data"},{"filename":"/opt/airflow/dags/ai_orderfood_pipeline.py","lineno":108,"name":"_run_subprocess"}],"is_group":false,"exceptions":[]}]}
{"timestamp":"2026-04-04T08:21:11.586814Z","level":"info","event":"Task instance in failure state","logger":"task.stdout"}
{"timestamp":"2026-04-04T08:21:11.587336Z","level":"info","event":"Task start","logger":"task.stdout"}
{"timestamp":"2026-04-04T08:21:11.587860Z","level":"info","event":"Task:<Task(PythonOperator): sync_dw_data>","logger":"task.stdout"}
{"timestamp":"2026-04-04T08:21:11.588293Z","level":"info","event":"Failure caused by Subprocess failed (exit 1): /usr/python/bin/python3.12 /opt/airflow/dw_mssql/etl/02_load_excel_to_stg.py","logger":"task.stdout"}
