{"timestamp":"2026-04-06T07:09:06.334301Z","level":"info","event":"DAG bundles loaded: dags-folder, example_dags","logger":"airflow.dag_processing.bundles.manager.DagBundlesManager","filename":"manager.py","lineno":179}
{"timestamp":"2026-04-06T07:09:06.337095Z","level":"info","event":"Filling up the DagBag from /opt/airflow/dags/ai_orderfood_pipeline.py","logger":"airflow.models.dagbag.BundleDagBag","filename":"dagbag.py","lineno":593}
{"timestamp":"2026-04-06T07:09:06.360195Z","level":"warning","event":"The `airflow.operators.python.PythonOperator` attribute is deprecated. Please use `'airflow.providers.standard.operators.python.PythonOperator'`.","category":"DeprecatedImportWarning","filename":"/opt/airflow/dags/ai_orderfood_pipeline.py","lineno":49,"logger":"py.warnings"}
{"timestamp":"2026-04-06T07:09:06.363410Z","level":"info","event":"Stats instance was created in PID 8 but accessed in PID 376. Re-initializing.","logger":"airflow.stats","filename":"stats.py","lineno":57}
{"timestamp":"2026-04-06T07:09:06.438242Z","level":"info","event":"Task instance is in running state","logger":"task.stdout"}
{"timestamp":"2026-04-06T07:09:06.443979Z","level":"info","event":" Previous state of the Task instance: TaskInstanceState.QUEUED","logger":"task.stdout"}
{"timestamp":"2026-04-06T07:09:06.444431Z","level":"info","event":"Current task name:generate_weekly_forecast","logger":"task.stdout"}
{"timestamp":"2026-04-06T07:09:06.444769Z","level":"info","event":"Dag name:ai_orderfood_weekly_pipeline","logger":"task.stdout"}
{"timestamp":"2026-04-06T07:09:06.442456Z","level":"warning","event":"Using Variable.get from `airflow.models` is deprecated.Please use `get` on Variable from sdk(`airflow.sdk.Variable`) instead","category":"DeprecationWarning","filename":"/home/airflow/.local/lib/python3.12/site-packages/airflow/models/variable.py","lineno":151,"logger":"py.warnings"}
{"timestamp":"2026-04-06T07:09:06.490142Z","level":"info","event":"origin_date not provided; auto-resolved to 2026-04-06","logger":"unusual_prefix_0f518ee9cec5cf38c2481cf42befdcbf7eb00a10_ai_orderfood_pipeline","filename":"ai_orderfood_pipeline.py","lineno":143}
{"timestamp":"2026-04-06T07:09:06.490376Z","level":"info","event":"origin_date = 2026-04-06","logger":"unusual_prefix_0f518ee9cec5cf38c2481cf42befdcbf7eb00a10_ai_orderfood_pipeline","filename":"ai_orderfood_pipeline.py","lineno":148}
{"timestamp":"2026-04-06T07:09:06.493576Z","level":"info","event":"=== generate_weekly_forecast: origin_date=2026-04-06 ===","logger":"unusual_prefix_0f518ee9cec5cf38c2481cf42befdcbf7eb00a10_ai_orderfood_pipeline","filename":"ai_orderfood_pipeline.py","lineno":204}
{"timestamp":"2026-04-06T07:09:06.493824Z","level":"info","event":"Running: /usr/python/bin/python3.12 -m app.pipeline.weekly_forecast --origin-date 2026-04-06 --baseline-config /opt/EDA_v3/configs/config_001.yaml --config /opt/EDA_v3/configs/config_003_lgbm_final.yaml --model-path /opt/EDA_v3/runs/exp_003_lgbm_tweedie_p15_lag7_14_21_28_finalfeat__20260305_223540/lgbm_final.txt  (cwd=/opt/airflow)","logger":"unusual_prefix_0f518ee9cec5cf38c2481cf42befdcbf7eb00a10_ai_orderfood_pipeline","filename":"ai_orderfood_pipeline.py","lineno":100}
{"timestamp":"2026-04-06T07:09:08.138209Z","level":"error","event":"Traceback (most recent call last):","logger":"task.stderr"}
{"timestamp":"2026-04-06T07:09:08.138778Z","level":"error","event":"  File \"/opt/airflow/app/forecasting/model.py\", line 26, in load_model","logger":"task.stderr"}
{"timestamp":"2026-04-06T07:09:08.143290Z","level":"error","event":"    import lightgbm as lgb","logger":"task.stderr"}
{"timestamp":"2026-04-06T07:09:08.143695Z","level":"error","event":"ModuleNotFoundError: No module named 'lightgbm'","logger":"task.stderr"}
{"timestamp":"2026-04-06T07:09:08.144136Z","level":"error","event":"","logger":"task.stderr"}
{"timestamp":"2026-04-06T07:09:08.144541Z","level":"error","event":"During handling of the above exception, another exception occurred:","logger":"task.stderr"}
{"timestamp":"2026-04-06T07:09:08.144922Z","level":"error","event":"","logger":"task.stderr"}
{"timestamp":"2026-04-06T07:09:08.145324Z","level":"error","event":"Traceback (most recent call last):","logger":"task.stderr"}
{"timestamp":"2026-04-06T07:09:08.145841Z","level":"error","event":"  File \"<frozen runpy>\", line 198, in _run_module_as_main","logger":"task.stderr"}
{"timestamp":"2026-04-06T07:09:08.146276Z","level":"error","event":"  File \"<frozen runpy>\", line 88, in _run_code","logger":"task.stderr"}
{"timestamp":"2026-04-06T07:09:08.146549Z","level":"error","event":"  File \"/opt/airflow/app/pipeline/weekly_forecast.py\", line 291, in <module>","logger":"task.stderr"}
{"timestamp":"2026-04-06T07:09:08.147005Z","level":"error","event":"    main()","logger":"task.stderr"}
{"timestamp":"2026-04-06T07:09:08.147496Z","level":"error","event":"  File \"/opt/airflow/app/pipeline/weekly_forecast.py\", line 225, in main","logger":"task.stderr"}
{"timestamp":"2026-04-06T07:09:08.149696Z","level":"error","event":"    model = load_model(args.model_path)","logger":"task.stderr"}
{"timestamp":"2026-04-06T07:09:08.150182Z","level":"error","event":"            ^^^^^^^^^^^^^^^^^^^^^^^^^^^","logger":"task.stderr"}
{"timestamp":"2026-04-06T07:09:08.150572Z","level":"error","event":"  File \"/opt/airflow/app/forecasting/model.py\", line 28, in load_model","logger":"task.stderr"}
{"timestamp":"2026-04-06T07:09:08.153835Z","level":"error","event":"    raise ImportError(\"LightGBM is required to load .txt model files\")","logger":"task.stderr"}
{"timestamp":"2026-04-06T07:09:08.154243Z","level":"error","event":"ImportError: LightGBM is required to load .txt model files","logger":"task.stderr"}
{"timestamp":"2026-04-06T07:09:08.154581Z","level":"info","event":"[OK] Data schema validation passed.","logger":"task.stdout"}
{"timestamp":"2026-04-06T07:09:08.154866Z","level":"info","event":"[DEBUG] run_id: ed7d1b80-fa9a-4fa4-a5a1-ea3d242da70b","logger":"task.stdout"}
{"timestamp":"2026-04-06T07:09:08.155171Z","level":"info","event":"[DEBUG] baseline rows: 90 version: bl_kmed_k4_grpCidDow_v1","logger":"task.stdout"}
{"timestamp":"2026-04-06T07:09:08.441977Z","level":"error","event":"Task failed with exception","logger":"task","filename":"task_runner.py","lineno":1186,"error_detail":[{"exc_type":"RuntimeError","exc_value":"Subprocess failed (exit 1): /usr/python/bin/python3.12 -m app.pipeline.weekly_forecast --origin-date 2026-04-06 --baseline-config /opt/EDA_v3/configs/config_001.yaml --config /opt/EDA_v3/configs/config_003_lgbm_final.yaml --model-path /opt/EDA_v3/runs/exp_003_lgbm_tweedie_p15_lag7_14_21_28_finalfeat__20260305_223540/lgbm_final.txt","exc_notes":[],"syntax_error":null,"is_cause":false,"frames":[{"filename":"/home/airflow/.local/lib/python3.12/site-packages/airflow/sdk/execution_time/task_runner.py","lineno":1112,"name":"run"},{"filename":"/home/airflow/.local/lib/python3.12/site-packages/airflow/sdk/execution_time/task_runner.py","lineno":1528,"name":"_execute_task"},{"filename":"/home/airflow/.local/lib/python3.12/site-packages/airflow/sdk/bases/operator.py","lineno":417,"name":"wrapper"},{"filename":"/home/airflow/.local/lib/python3.12/site-packages/airflow/providers/standard/operators/python.py","lineno":228,"name":"execute"},{"filename":"/home/airflow/.local/lib/python3.12/site-packages/airflow/providers/standard/operators/python.py","lineno":251,"name":"execute_callable"},{"filename":"/home/airflow/.local/lib/python3.12/site-packages/airflow/sdk/execution_time/callback_runner.py","lineno":82,"name":"run"},{"filename":"/opt/airflow/dags/ai_orderfood_pipeline.py","lineno":205,"name":"task_generate_weekly_forecast"},{"filename":"/opt/airflow/dags/ai_orderfood_pipeline.py","lineno":108,"name":"_run_subprocess"}],"is_group":false,"exceptions":[]}]}
{"timestamp":"2026-04-06T07:09:08.484868Z","level":"info","event":"Task instance in failure state","logger":"task.stdout"}
{"timestamp":"2026-04-06T07:09:08.485338Z","level":"info","event":"Task start","logger":"task.stdout"}
{"timestamp":"2026-04-06T07:09:08.485643Z","level":"info","event":"Task:<Task(PythonOperator): generate_weekly_forecast>","logger":"task.stdout"}
{"timestamp":"2026-04-06T07:09:08.486035Z","level":"info","event":"Failure caused by Subprocess failed (exit 1): /usr/python/bin/python3.12 -m app.pipeline.weekly_forecast --origin-date 2026-04-06 --baseline-config /opt/EDA_v3/configs/config_001.yaml --config /opt/EDA_v3/configs/config_003_lgbm_final.yaml --model-path /opt/EDA_v3/runs/exp_003_lgbm_tweedie_p15_lag7_14_21_28_finalfeat__20260305_223540/lgbm_final.txt","logger":"task.stdout"}
