{"timestamp":"2026-04-05T05:21:15.497157Z","level":"info","event":"DAG bundles loaded: dags-folder, example_dags","logger":"airflow.dag_processing.bundles.manager.DagBundlesManager","filename":"manager.py","lineno":179}
{"timestamp":"2026-04-05T05:21:15.501040Z","level":"info","event":"Filling up the DagBag from /opt/airflow/dags/ai_orderfood_pipeline.py","logger":"airflow.models.dagbag.BundleDagBag","filename":"dagbag.py","lineno":593}
{"timestamp":"2026-04-05T05:21:15.538669Z","level":"warning","event":"The `airflow.operators.python.PythonOperator` attribute is deprecated. Please use `'airflow.providers.standard.operators.python.PythonOperator'`.","category":"DeprecatedImportWarning","filename":"/opt/airflow/dags/ai_orderfood_pipeline.py","lineno":49,"logger":"py.warnings"}
{"timestamp":"2026-04-05T05:21:15.543927Z","level":"info","event":"Stats instance was created in PID 7 but accessed in PID 316. Re-initializing.","logger":"airflow.stats","filename":"stats.py","lineno":57}
{"timestamp":"2026-04-05T05:21:15.593652Z","level":"info","event":"Task instance is in running state","logger":"task.stdout"}
{"timestamp":"2026-04-05T05:21:15.594108Z","level":"info","event":" Previous state of the Task instance: TaskInstanceState.QUEUED","logger":"task.stdout"}
{"timestamp":"2026-04-05T05:21:15.594723Z","level":"info","event":"Current task name:generate_weekly_forecast","logger":"task.stdout"}
{"timestamp":"2026-04-05T05:21:15.595131Z","level":"info","event":"Dag name:ai_orderfood_weekly_pipeline","logger":"task.stdout"}
{"timestamp":"2026-04-05T05:21:15.597549Z","level":"warning","event":"Using Variable.get from `airflow.models` is deprecated.Please use `get` on Variable from sdk(`airflow.sdk.Variable`) instead","category":"DeprecationWarning","filename":"/home/airflow/.local/lib/python3.12/site-packages/airflow/models/variable.py","lineno":151,"logger":"py.warnings"}
{"timestamp":"2026-04-05T05:21:15.623032Z","level":"info","event":"origin_date not provided; auto-resolved to 2026-03-30","logger":"unusual_prefix_0f518ee9cec5cf38c2481cf42befdcbf7eb00a10_ai_orderfood_pipeline","filename":"ai_orderfood_pipeline.py","lineno":143}
{"timestamp":"2026-04-05T05:21:15.623329Z","level":"info","event":"origin_date = 2026-03-30","logger":"unusual_prefix_0f518ee9cec5cf38c2481cf42befdcbf7eb00a10_ai_orderfood_pipeline","filename":"ai_orderfood_pipeline.py","lineno":148}
{"timestamp":"2026-04-05T05:21:15.626529Z","level":"info","event":"=== generate_weekly_forecast: origin_date=2026-03-30 ===","logger":"unusual_prefix_0f518ee9cec5cf38c2481cf42befdcbf7eb00a10_ai_orderfood_pipeline","filename":"ai_orderfood_pipeline.py","lineno":204}
{"timestamp":"2026-04-05T05:21:15.626788Z","level":"info","event":"Running: /usr/python/bin/python3.12 -m app.pipeline.weekly_forecast --origin-date 2026-03-30 --baseline-config /opt/EDA_v3/configs/config_001.yaml --config /opt/EDA_v3/configs/config_003_lgbm_final.yaml --model-path /opt/EDA_v3/runs/exp_003_lgbm_tweedie_p15_lag7_14_21_28_finalfeat__20260305_223540/lgbm_final.txt  (cwd=/opt/airflow)","logger":"unusual_prefix_0f518ee9cec5cf38c2481cf42befdcbf7eb00a10_ai_orderfood_pipeline","filename":"ai_orderfood_pipeline.py","lineno":100}
{"timestamp":"2026-04-05T05:21:17.073641Z","level":"error","event":"Traceback (most recent call last):","logger":"task.stderr"}
{"timestamp":"2026-04-05T05:21:17.074254Z","level":"error","event":"  File \"/home/airflow/.local/lib/python3.12/site-packages/sqlalchemy/engine/base.py\", line 143, in __init__","logger":"task.stderr"}
{"timestamp":"2026-04-05T05:21:17.074979Z","level":"error","event":"    self._dbapi_connection = engine.raw_connection()","logger":"task.stderr"}
{"timestamp":"2026-04-05T05:21:17.075484Z","level":"error","event":"                             ^^^^^^^^^^^^^^^^^^^^^^^","logger":"task.stderr"}
{"timestamp":"2026-04-05T05:21:17.075987Z","level":"error","event":"  File \"/home/airflow/.local/lib/python3.12/site-packages/sqlalchemy/engine/base.py\", line 3317, in raw_connection","logger":"task.stderr"}
{"timestamp":"2026-04-05T05:21:17.076501Z","level":"error","event":"    return self.pool.connect()","logger":"task.stderr"}
{"timestamp":"2026-04-05T05:21:17.076991Z","level":"error","event":"           ^^^^^^^^^^^^^^^^^^^","logger":"task.stderr"}
{"timestamp":"2026-04-05T05:21:17.077447Z","level":"error","event":"  File \"/home/airflow/.local/lib/python3.12/site-packages/sqlalchemy/pool/base.py\", line 448, in connect","logger":"task.stderr"}
{"timestamp":"2026-04-05T05:21:17.078208Z","level":"error","event":"    return _ConnectionFairy._checkout(self)","logger":"task.stderr"}
{"timestamp":"2026-04-05T05:21:17.078604Z","level":"error","event":"           ^^^^^^^^^^^^^^^^^^^^^^^^^^^^^^^^","logger":"task.stderr"}
{"timestamp":"2026-04-05T05:21:17.079115Z","level":"error","event":"  File \"/home/airflow/.local/lib/python3.12/site-packages/sqlalchemy/pool/base.py\", line 1272, in _checkout","logger":"task.stderr"}
{"timestamp":"2026-04-05T05:21:17.079501Z","level":"error","event":"    fairy = _ConnectionRecord.checkout(pool)","logger":"task.stderr"}
{"timestamp":"2026-04-05T05:21:17.079923Z","level":"error","event":"            ^^^^^^^^^^^^^^^^^^^^^^^^^^^^^^^^","logger":"task.stderr"}
{"timestamp":"2026-04-05T05:21:17.080409Z","level":"error","event":"  File \"/home/airflow/.local/lib/python3.12/site-packages/sqlalchemy/pool/base.py\", line 712, in checkout","logger":"task.stderr"}
{"timestamp":"2026-04-05T05:21:17.080826Z","level":"error","event":"    rec = pool._do_get()","logger":"task.stderr"}
{"timestamp":"2026-04-05T05:21:17.081261Z","level":"error","event":"          ^^^^^^^^^^^^^^","logger":"task.stderr"}
{"timestamp":"2026-04-05T05:21:17.081846Z","level":"error","event":"  File \"/home/airflow/.local/lib/python3.12/site-packages/sqlalchemy/pool/impl.py\", line 177, in _do_get","logger":"task.stderr"}
{"timestamp":"2026-04-05T05:21:17.082262Z","level":"error","event":"    with util.safe_reraise():","logger":"task.stderr"}
{"timestamp":"2026-04-05T05:21:17.082711Z","level":"error","event":"         ^^^^^^^^^^^^^^^^^^^","logger":"task.stderr"}
{"timestamp":"2026-04-05T05:21:17.083067Z","level":"error","event":"  File \"/home/airflow/.local/lib/python3.12/site-packages/sqlalchemy/util/langhelpers.py\", line 121, in __exit__","logger":"task.stderr"}
{"timestamp":"2026-04-05T05:21:17.083510Z","level":"error","event":"    raise exc_value.with_traceback(exc_tb)","logger":"task.stderr"}
{"timestamp":"2026-04-05T05:21:17.083911Z","level":"error","event":"  File \"/home/airflow/.local/lib/python3.12/site-packages/sqlalchemy/pool/impl.py\", line 175, in _do_get","logger":"task.stderr"}
{"timestamp":"2026-04-05T05:21:17.084355Z","level":"error","event":"    return self._create_connection()","logger":"task.stderr"}
{"timestamp":"2026-04-05T05:21:17.084949Z","level":"error","event":"           ^^^^^^^^^^^^^^^^^^^^^^^^^","logger":"task.stderr"}
{"timestamp":"2026-04-05T05:21:17.085505Z","level":"error","event":"  File \"/home/airflow/.local/lib/python3.12/site-packages/sqlalchemy/pool/base.py\", line 389, in _create_connection","logger":"task.stderr"}
{"timestamp":"2026-04-05T05:21:17.085913Z","level":"error","event":"    return _ConnectionRecord(self)","logger":"task.stderr"}
{"timestamp":"2026-04-05T05:21:17.086395Z","level":"error","event":"           ^^^^^^^^^^^^^^^^^^^^^^^","logger":"task.stderr"}
{"timestamp":"2026-04-05T05:21:17.086776Z","level":"error","event":"  File \"/home/airflow/.local/lib/python3.12/site-packages/sqlalchemy/pool/base.py\", line 674, in __init__","logger":"task.stderr"}
{"timestamp":"2026-04-05T05:21:17.087192Z","level":"error","event":"    self.__connect()","logger":"task.stderr"}
{"timestamp":"2026-04-05T05:21:17.087579Z","level":"error","event":"  File \"/home/airflow/.local/lib/python3.12/site-packages/sqlalchemy/pool/base.py\", line 900, in __connect","logger":"task.stderr"}
{"timestamp":"2026-04-05T05:21:17.088224Z","level":"error","event":"    with util.safe_reraise():","logger":"task.stderr"}
{"timestamp":"2026-04-05T05:21:17.088637Z","level":"error","event":"         ^^^^^^^^^^^^^^^^^^^","logger":"task.stderr"}
{"timestamp":"2026-04-05T05:21:17.089010Z","level":"error","event":"  File \"/home/airflow/.local/lib/python3.12/site-packages/sqlalchemy/util/langhelpers.py\", line 121, in __exit__","logger":"task.stderr"}
{"timestamp":"2026-04-05T05:21:17.089553Z","level":"error","event":"    raise exc_value.with_traceback(exc_tb)","logger":"task.stderr"}
{"timestamp":"2026-04-05T05:21:17.090128Z","level":"error","event":"  File \"/home/airflow/.local/lib/python3.12/site-packages/sqlalchemy/pool/base.py\", line 896, in __connect","logger":"task.stderr"}
{"timestamp":"2026-04-05T05:21:17.090673Z","level":"error","event":"    self.dbapi_connection = connection = pool._invoke_creator(self)","logger":"task.stderr"}
{"timestamp":"2026-04-05T05:21:17.091240Z","level":"error","event":"                                         ^^^^^^^^^^^^^^^^^^^^^^^^^^","logger":"task.stderr"}
{"timestamp":"2026-04-05T05:21:17.091798Z","level":"error","event":"  File \"/home/airflow/.local/lib/python3.12/site-packages/sqlalchemy/engine/create.py\", line 667, in connect","logger":"task.stderr"}
{"timestamp":"2026-04-05T05:21:17.092331Z","level":"error","event":"    return dialect.connect(*cargs_tup, **cparams)","logger":"task.stderr"}
{"timestamp":"2026-04-05T05:21:17.092777Z","level":"error","event":"           ^^^^^^^^^^^^^^^^^^^^^^^^^^^^^^^^^^^^^^","logger":"task.stderr"}
{"timestamp":"2026-04-05T05:21:17.093161Z","level":"error","event":"  File \"/home/airflow/.local/lib/python3.12/site-packages/sqlalchemy/engine/default.py\", line 630, in connect","logger":"task.stderr"}
{"timestamp":"2026-04-05T05:21:17.093649Z","level":"error","event":"    return self.loaded_dbapi.connect(*cargs, **cparams)  # type: ignore[no-any-return]  # NOQA: E501","logger":"task.stderr"}
{"timestamp":"2026-04-05T05:21:17.094066Z","level":"error","event":"           ^^^^^^^^^^^^^^^^^^^^^^^^^^^^^^^^^^^^^^^^^^^^","logger":"task.stderr"}
{"timestamp":"2026-04-05T05:21:17.094472Z","level":"error","event":"pyodbc.Error: ('01000', \"[01000] [unixODBC][Driver Manager]Can't open lib 'ODBC Driver 17 for SQL Server' : file not found (0) (SQLDriverConnect)\")","logger":"task.stderr"}
{"timestamp":"2026-04-05T05:21:17.094887Z","level":"error","event":"","logger":"task.stderr"}
{"timestamp":"2026-04-05T05:21:17.095301Z","level":"error","event":"The above exception was the direct cause of the following exception:","logger":"task.stderr"}
{"timestamp":"2026-04-05T05:21:17.095696Z","level":"error","event":"","logger":"task.stderr"}
{"timestamp":"2026-04-05T05:21:17.096174Z","level":"error","event":"Traceback (most recent call last):","logger":"task.stderr"}
{"timestamp":"2026-04-05T05:21:17.096645Z","level":"error","event":"  File \"<frozen runpy>\", line 198, in _run_module_as_main","logger":"task.stderr"}
{"timestamp":"2026-04-05T05:21:17.097143Z","level":"error","event":"  File \"<frozen runpy>\", line 88, in _run_code","logger":"task.stderr"}
{"timestamp":"2026-04-05T05:21:17.097597Z","level":"error","event":"  File \"/opt/airflow/app/pipeline/weekly_forecast.py\", line 291, in <module>","logger":"task.stderr"}
{"timestamp":"2026-04-05T05:21:17.098013Z","level":"error","event":"    main()","logger":"task.stderr"}
{"timestamp":"2026-04-05T05:21:17.098466Z","level":"error","event":"  File \"/opt/airflow/app/pipeline/weekly_forecast.py\", line 133, in main","logger":"task.stderr"}
{"timestamp":"2026-04-05T05:21:17.099101Z","level":"error","event":"    df = load_and_clean(cfg_base)","logger":"task.stderr"}
{"timestamp":"2026-04-05T05:21:17.099498Z","level":"error","event":"         ^^^^^^^^^^^^^^^^^^^^^^^^","logger":"task.stderr"}
{"timestamp":"2026-04-05T05:21:17.099970Z","level":"error","event":"  File \"/opt/airflow/app/forecasting/data.py\", line 61, in load_and_clean","logger":"task.stderr"}
{"timestamp":"2026-04-05T05:21:17.100480Z","level":"error","event":"    df = pd.read_sql(f\"SELECT * FROM {view}\", engine)","logger":"task.stderr"}
{"timestamp":"2026-04-05T05:21:17.101080Z","level":"error","event":"         ^^^^^^^^^^^^^^^^^^^^^^^^^^^^^^^^^^^^^^^^^^^^","logger":"task.stderr"}
{"timestamp":"2026-04-05T05:21:17.101605Z","level":"error","event":"  File \"/home/airflow/.local/lib/python3.12/site-packages/pandas/io/sql.py\", line 706, in read_sql","logger":"task.stderr"}
{"timestamp":"2026-04-05T05:21:17.102012Z","level":"error","event":"    with pandasSQL_builder(con) as pandas_sql:","logger":"task.stderr"}
{"timestamp":"2026-04-05T05:21:17.102483Z","level":"error","event":"         ^^^^^^^^^^^^^^^^^^^^^^","logger":"task.stderr"}
{"timestamp":"2026-04-05T05:21:17.102901Z","level":"error","event":"  File \"/home/airflow/.local/lib/python3.12/site-packages/pandas/io/sql.py\", line 908, in pandasSQL_builder","logger":"task.stderr"}
{"timestamp":"2026-04-05T05:21:17.103304Z","level":"error","event":"    return SQLDatabase(con, schema, need_transaction)","logger":"task.stderr"}
{"timestamp":"2026-04-05T05:21:17.103709Z","level":"error","event":"           ^^^^^^^^^^^^^^^^^^^^^^^^^^^^^^^^^^^^^^^^^^","logger":"task.stderr"}
{"timestamp":"2026-04-05T05:21:17.104210Z","level":"error","event":"  File \"/home/airflow/.local/lib/python3.12/site-packages/pandas/io/sql.py\", line 1648, in __init__","logger":"task.stderr"}
{"timestamp":"2026-04-05T05:21:17.104620Z","level":"error","event":"    con = self.exit_stack.enter_context(con.connect())","logger":"task.stderr"}
{"timestamp":"2026-04-05T05:21:17.105003Z","level":"error","event":"                                        ^^^^^^^^^^^^^","logger":"task.stderr"}
{"timestamp":"2026-04-05T05:21:17.105489Z","level":"error","event":"  File \"/home/airflow/.local/lib/python3.12/site-packages/sqlalchemy/engine/base.py\", line 3293, in connect","logger":"task.stderr"}
{"timestamp":"2026-04-05T05:21:17.105888Z","level":"error","event":"    return self._connection_cls(self)","logger":"task.stderr"}
{"timestamp":"2026-04-05T05:21:17.106259Z","level":"error","event":"           ^^^^^^^^^^^^^^^^^^^^^^^^^^","logger":"task.stderr"}
{"timestamp":"2026-04-05T05:21:17.106879Z","level":"error","event":"  File \"/home/airflow/.local/lib/python3.12/site-packages/sqlalchemy/engine/base.py\", line 145, in __init__","logger":"task.stderr"}
{"timestamp":"2026-04-05T05:21:17.107294Z","level":"error","event":"    Connection._handle_dbapi_exception_noconnection(","logger":"task.stderr"}
{"timestamp":"2026-04-05T05:21:17.107687Z","level":"error","event":"  File \"/home/airflow/.local/lib/python3.12/site-packages/sqlalchemy/engine/base.py\", line 2448, in _handle_dbapi_exception_noconnection","logger":"task.stderr"}
{"timestamp":"2026-04-05T05:21:17.108401Z","level":"error","event":"    raise sqlalchemy_exception.with_traceback(exc_info[2]) from e","logger":"task.stderr"}
{"timestamp":"2026-04-05T05:21:17.108766Z","level":"error","event":"  File \"/home/airflow/.local/lib/python3.12/site-packages/sqlalchemy/engine/base.py\", line 143, in __init__","logger":"task.stderr"}
{"timestamp":"2026-04-05T05:21:17.109155Z","level":"error","event":"    self._dbapi_connection = engine.raw_connection()","logger":"task.stderr"}
{"timestamp":"2026-04-05T05:21:17.109539Z","level":"error","event":"                             ^^^^^^^^^^^^^^^^^^^^^^^","logger":"task.stderr"}
{"timestamp":"2026-04-05T05:21:17.109940Z","level":"error","event":"  File \"/home/airflow/.local/lib/python3.12/site-packages/sqlalchemy/engine/base.py\", line 3317, in raw_connection","logger":"task.stderr"}
{"timestamp":"2026-04-05T05:21:17.110320Z","level":"error","event":"    return self.pool.connect()","logger":"task.stderr"}
{"timestamp":"2026-04-05T05:21:17.110718Z","level":"error","event":"           ^^^^^^^^^^^^^^^^^^^","logger":"task.stderr"}
{"timestamp":"2026-04-05T05:21:17.111129Z","level":"error","event":"  File \"/home/airflow/.local/lib/python3.12/site-packages/sqlalchemy/pool/base.py\", line 448, in connect","logger":"task.stderr"}
{"timestamp":"2026-04-05T05:21:17.111488Z","level":"error","event":"    return _ConnectionFairy._checkout(self)","logger":"task.stderr"}
{"timestamp":"2026-04-05T05:21:17.111863Z","level":"error","event":"           ^^^^^^^^^^^^^^^^^^^^^^^^^^^^^^^^","logger":"task.stderr"}
{"timestamp":"2026-04-05T05:21:17.112293Z","level":"error","event":"  File \"/home/airflow/.local/lib/python3.12/site-packages/sqlalchemy/pool/base.py\", line 1272, in _checkout","logger":"task.stderr"}
{"timestamp":"2026-04-05T05:21:17.112708Z","level":"error","event":"    fairy = _ConnectionRecord.checkout(pool)","logger":"task.stderr"}
{"timestamp":"2026-04-05T05:21:17.113053Z","level":"error","event":"            ^^^^^^^^^^^^^^^^^^^^^^^^^^^^^^^^","logger":"task.stderr"}
{"timestamp":"2026-04-05T05:21:17.113382Z","level":"error","event":"  File \"/home/airflow/.local/lib/python3.12/site-packages/sqlalchemy/pool/base.py\", line 712, in checkout","logger":"task.stderr"}
{"timestamp":"2026-04-05T05:21:17.113722Z","level":"error","event":"    rec = pool._do_get()","logger":"task.stderr"}
{"timestamp":"2026-04-05T05:21:17.114138Z","level":"error","event":"          ^^^^^^^^^^^^^^","logger":"task.stderr"}
{"timestamp":"2026-04-05T05:21:17.114484Z","level":"error","event":"  File \"/home/airflow/.local/lib/python3.12/site-packages/sqlalchemy/pool/impl.py\", line 177, in _do_get","logger":"task.stderr"}
{"timestamp":"2026-04-05T05:21:17.114893Z","level":"error","event":"    with util.safe_reraise():","logger":"task.stderr"}
{"timestamp":"2026-04-05T05:21:17.115713Z","level":"error","event":"         ^^^^^^^^^^^^^^^^^^^","logger":"task.stderr"}
{"timestamp":"2026-04-05T05:21:17.116241Z","level":"error","event":"  File \"/home/airflow/.local/lib/python3.12/site-packages/sqlalchemy/util/langhelpers.py\", line 121, in __exit__","logger":"task.stderr"}
{"timestamp":"2026-04-05T05:21:17.116705Z","level":"error","event":"    raise exc_value.with_traceback(exc_tb)","logger":"task.stderr"}
{"timestamp":"2026-04-05T05:21:17.117142Z","level":"error","event":"  File \"/home/airflow/.local/lib/python3.12/site-packages/sqlalchemy/pool/impl.py\", line 175, in _do_get","logger":"task.stderr"}
{"timestamp":"2026-04-05T05:21:17.117574Z","level":"error","event":"    return self._create_connection()","logger":"task.stderr"}
{"timestamp":"2026-04-05T05:21:17.117989Z","level":"error","event":"           ^^^^^^^^^^^^^^^^^^^^^^^^^","logger":"task.stderr"}
{"timestamp":"2026-04-05T05:21:17.118441Z","level":"error","event":"  File \"/home/airflow/.local/lib/python3.12/site-packages/sqlalchemy/pool/base.py\", line 389, in _create_connection","logger":"task.stderr"}
{"timestamp":"2026-04-05T05:21:17.118830Z","level":"error","event":"    return _ConnectionRecord(self)","logger":"task.stderr"}
{"timestamp":"2026-04-05T05:21:17.119202Z","level":"error","event":"           ^^^^^^^^^^^^^^^^^^^^^^^","logger":"task.stderr"}
{"timestamp":"2026-04-05T05:21:17.119568Z","level":"error","event":"  File \"/home/airflow/.local/lib/python3.12/site-packages/sqlalchemy/pool/base.py\", line 674, in __init__","logger":"task.stderr"}
{"timestamp":"2026-04-05T05:21:17.119986Z","level":"error","event":"    self.__connect()","logger":"task.stderr"}
{"timestamp":"2026-04-05T05:21:17.120408Z","level":"error","event":"  File \"/home/airflow/.local/lib/python3.12/site-packages/sqlalchemy/pool/base.py\", line 900, in __connect","logger":"task.stderr"}
{"timestamp":"2026-04-05T05:21:17.120782Z","level":"error","event":"    with util.safe_reraise():","logger":"task.stderr"}
{"timestamp":"2026-04-05T05:21:17.121161Z","level":"error","event":"         ^^^^^^^^^^^^^^^^^^^","logger":"task.stderr"}
{"timestamp":"2026-04-05T05:21:17.121590Z","level":"error","event":"  File \"/home/airflow/.local/lib/python3.12/site-packages/sqlalchemy/util/langhelpers.py\", line 121, in __exit__","logger":"task.stderr"}
{"timestamp":"2026-04-05T05:21:17.122017Z","level":"error","event":"    raise exc_value.with_traceback(exc_tb)","logger":"task.stderr"}
{"timestamp":"2026-04-05T05:21:17.122408Z","level":"error","event":"  File \"/home/airflow/.local/lib/python3.12/site-packages/sqlalchemy/pool/base.py\", line 896, in __connect","logger":"task.stderr"}
{"timestamp":"2026-04-05T05:21:17.122831Z","level":"error","event":"    self.dbapi_connection = connection = pool._invoke_creator(self)","logger":"task.stderr"}
{"timestamp":"2026-04-05T05:21:17.123250Z","level":"error","event":"                                         ^^^^^^^^^^^^^^^^^^^^^^^^^^","logger":"task.stderr"}
{"timestamp":"2026-04-05T05:21:17.123686Z","level":"error","event":"  File \"/home/airflow/.local/lib/python3.12/site-packages/sqlalchemy/engine/create.py\", line 667, in connect","logger":"task.stderr"}
{"timestamp":"2026-04-05T05:21:17.124239Z","level":"error","event":"    return dialect.connect(*cargs_tup, **cparams)","logger":"task.stderr"}
{"timestamp":"2026-04-05T05:21:17.124642Z","level":"error","event":"           ^^^^^^^^^^^^^^^^^^^^^^^^^^^^^^^^^^^^^^","logger":"task.stderr"}
{"timestamp":"2026-04-05T05:21:17.125074Z","level":"error","event":"  File \"/home/airflow/.local/lib/python3.12/site-packages/sqlalchemy/engine/default.py\", line 630, in connect","logger":"task.stderr"}
{"timestamp":"2026-04-05T05:21:17.125498Z","level":"error","event":"    return self.loaded_dbapi.connect(*cargs, **cparams)  # type: ignore[no-any-return]  # NOQA: E501","logger":"task.stderr"}
{"timestamp":"2026-04-05T05:21:17.125903Z","level":"error","event":"           ^^^^^^^^^^^^^^^^^^^^^^^^^^^^^^^^^^^^^^^^^^^^","logger":"task.stderr"}
{"timestamp":"2026-04-05T05:21:17.126317Z","level":"error","event":"sqlalchemy.exc.DBAPIError: (pyodbc.Error) ('01000', \"[01000] [unixODBC][Driver Manager]Can't open lib 'ODBC Driver 17 for SQL Server' : file not found (0) (SQLDriverConnect)\")","logger":"task.stderr"}
{"timestamp":"2026-04-05T05:21:17.126698Z","level":"error","event":"(Background on this error at: https://sqlalche.me/e/20/dbapi)","logger":"task.stderr"}
{"timestamp":"2026-04-05T05:21:17.311045Z","level":"error","event":"Task failed with exception","logger":"task","filename":"task_runner.py","lineno":1186,"error_detail":[{"exc_type":"RuntimeError","exc_value":"Subprocess failed (exit 1): /usr/python/bin/python3.12 -m app.pipeline.weekly_forecast --origin-date 2026-03-30 --baseline-config /opt/EDA_v3/configs/config_001.yaml --config /opt/EDA_v3/configs/config_003_lgbm_final.yaml --model-path /opt/EDA_v3/runs/exp_003_lgbm_tweedie_p15_lag7_14_21_28_finalfeat__20260305_223540/lgbm_final.txt","exc_notes":[],"syntax_error":null,"is_cause":false,"frames":[{"filename":"/home/airflow/.local/lib/python3.12/site-packages/airflow/sdk/execution_time/task_runner.py","lineno":1112,"name":"run"},{"filename":"/home/airflow/.local/lib/python3.12/site-packages/airflow/sdk/execution_time/task_runner.py","lineno":1528,"name":"_execute_task"},{"filename":"/home/airflow/.local/lib/python3.12/site-packages/airflow/sdk/bases/operator.py","lineno":417,"name":"wrapper"},{"filename":"/home/airflow/.local/lib/python3.12/site-packages/airflow/providers/standard/operators/python.py","lineno":228,"name":"execute"},{"filename":"/home/airflow/.local/lib/python3.12/site-packages/airflow/providers/standard/operators/python.py","lineno":251,"name":"execute_callable"},{"filename":"/home/airflow/.local/lib/python3.12/site-packages/airflow/sdk/execution_time/callback_runner.py","lineno":82,"name":"run"},{"filename":"/opt/airflow/dags/ai_orderfood_pipeline.py","lineno":205,"name":"task_generate_weekly_forecast"},{"filename":"/opt/airflow/dags/ai_orderfood_pipeline.py","lineno":108,"name":"_run_subprocess"}],"is_group":false,"exceptions":[]}]}
{"timestamp":"2026-04-05T05:21:17.313941Z","level":"info","event":"Task instance in failure state","logger":"task.stdout"}
{"timestamp":"2026-04-05T05:21:17.314563Z","level":"info","event":"Task start","logger":"task.stdout"}
{"timestamp":"2026-04-05T05:21:17.315073Z","level":"info","event":"Task:<Task(PythonOperator): generate_weekly_forecast>","logger":"task.stdout"}
{"timestamp":"2026-04-05T05:21:17.315462Z","level":"info","event":"Failure caused by Subprocess failed (exit 1): /usr/python/bin/python3.12 -m app.pipeline.weekly_forecast --origin-date 2026-03-30 --baseline-config /opt/EDA_v3/configs/config_001.yaml --config /opt/EDA_v3/configs/config_003_lgbm_final.yaml --model-path /opt/EDA_v3/runs/exp_003_lgbm_tweedie_p15_lag7_14_21_28_finalfeat__20260305_223540/lgbm_final.txt","logger":"task.stdout"}
